Using pre-set license
Built from '2021.3/staging' branch; Version is '2021.3.5f1 (40eb3a945986) revision 4254522'; Using compiler version '192829333'; Build Type 'Release'
OS: 'Windows 10  (10.0.19043) 64bit Core' Language: 'en' Physical Memory: 16334 MB
BatchMode: 1, IsHumanControllingUs: 0, StartBugReporterOnCrash: 0, Is64bit: 1, IsPro: 1

COMMAND LINE ARGUMENTS:
C:\Program Files\Unity\Hub\Editor\2021.3.5f1\Editor\Unity.exe
-adb2
-batchMode
-noUpm
-name
AssetImportWorker0
-projectPath
D:/Users/Nathan/Documents/_Cül/Personal Projects/Land Jam 2022/Corn Soup Repo/unity-land-jam-seasons/Land Jam Corn Soup
-logFile
Logs/AssetImportWorker0.log
-srvPort
58108
Successfully changed project path to: D:/Users/Nathan/Documents/_Cül/Personal Projects/Land Jam 2022/Corn Soup Repo/unity-land-jam-seasons/Land Jam Corn Soup
D:/Users/Nathan/Documents/_Cül/Personal Projects/Land Jam 2022/Corn Soup Repo/unity-land-jam-seasons/Land Jam Corn Soup
[UnityMemory] Configuration Parameters - Can be set up in boot.config
    "memorysetup-bucket-allocator-granularity=16"
    "memorysetup-bucket-allocator-bucket-count=8"
    "memorysetup-bucket-allocator-block-size=33554432"
    "memorysetup-bucket-allocator-block-count=8"
    "memorysetup-main-allocator-block-size=16777216"
    "memorysetup-thread-allocator-block-size=16777216"
    "memorysetup-gfx-main-allocator-block-size=16777216"
    "memorysetup-gfx-thread-allocator-block-size=16777216"
    "memorysetup-cache-allocator-block-size=4194304"
    "memorysetup-typetree-allocator-block-size=2097152"
    "memorysetup-profiler-bucket-allocator-granularity=16"
    "memorysetup-profiler-bucket-allocator-bucket-count=8"
    "memorysetup-profiler-bucket-allocator-block-size=33554432"
    "memorysetup-profiler-bucket-allocator-block-count=8"
    "memorysetup-profiler-allocator-block-size=16777216"
    "memorysetup-profiler-editor-allocator-block-size=1048576"
    "memorysetup-temp-allocator-size-main=16777216"
    "memorysetup-job-temp-allocator-block-size=2097152"
    "memorysetup-job-temp-allocator-block-size-background=1048576"
    "memorysetup-job-temp-allocator-reduction-small-platforms=262144"
    "memorysetup-temp-allocator-size-background-worker=32768"
    "memorysetup-temp-allocator-size-job-worker=262144"
    "memorysetup-temp-allocator-size-preload-manager=33554432"
    "memorysetup-temp-allocator-size-nav-mesh-worker=65536"
    "memorysetup-temp-allocator-size-audio-worker=65536"
    "memorysetup-temp-allocator-size-cloud-worker=32768"
    "memorysetup-temp-allocator-size-gi-baking-worker=262144"
    "memorysetup-temp-allocator-size-gfx=262144"
Refreshing native plugins compatible for Editor in 146.44 ms, found 3 plugins.
Preloading 0 native plugins for Editor in 0.00 ms.
Initialize engine version: 2021.3.5f1 (40eb3a945986)
[Subsystems] Discovering subsystems at path C:/Program Files/Unity/Hub/Editor/2021.3.5f1/Editor/Data/Resources/UnitySubsystems
[Subsystems] Discovering subsystems at path D:/Users/Nathan/Documents/_Cül/Personal Projects/Land Jam 2022/Corn Soup Repo/unity-land-jam-seasons/Land Jam Corn Soup/Assets
GfxDevice: creating device client; threaded=0; jobified=0
Direct3D:
    Version:  Direct3D 11.0 [level 11.1]
    Renderer: AMD Radeon RX 5700 XT (ID=0x731f)
    Vendor:   ATI
    VRAM:     8148 MB
    Driver:   27.20.1034.6
Initialize mono
Mono path[0] = 'C:/Program Files/Unity/Hub/Editor/2021.3.5f1/Editor/Data/Managed'
Mono path[1] = 'C:/Program Files/Unity/Hub/Editor/2021.3.5f1/Editor/Data/MonoBleedingEdge/lib/mono/unityjit-win32'
Mono config path = 'C:/Program Files/Unity/Hub/Editor/2021.3.5f1/Editor/Data/MonoBleedingEdge/etc'
Using monoOptions --debugger-agent=transport=dt_socket,embedding=1,server=y,suspend=n,address=127.0.0.1:56940
Begin MonoManager ReloadAssembly
Registering precompiled unity dll's ...
Register platform support module: C:/Program Files/Unity/Hub/Editor/2021.3.5f1/Editor/Data/PlaybackEngines/WebGLSupport/UnityEditor.WebGL.Extensions.dll
Register platform support module: C:/Program Files/Unity/Hub/Editor/2021.3.5f1/Editor/Data/PlaybackEngines/MacStandaloneSupport/UnityEditor.OSXStandalone.Extensions.dll
Register platform support module: C:/Program Files/Unity/Hub/Editor/2021.3.5f1/Editor/Data/PlaybackEngines/WindowsStandaloneSupport/UnityEditor.WindowsStandalone.Extensions.dll
Registered in 0.010231 seconds.
Native extension for WindowsStandalone target not found
Native extension for OSXStandalone target not found
Native extension for WebGL target not found
Refreshing native plugins compatible for Editor in 137.69 ms, found 3 plugins.
Preloading 0 native plugins for Editor in 0.00 ms.
Mono: successfully reloaded assembly
- Completed reload, in  0.672 seconds
Domain Reload Profiling:
	ReloadAssembly (673ms)
		BeginReloadAssembly (68ms)
			ExecutionOrderSort (0ms)
			DisableScriptedObjects (0ms)
			BackupInstance (0ms)
			ReleaseScriptingObjects (0ms)
			CreateAndSetChildDomain (1ms)
		EndReloadAssembly (489ms)
			LoadAssemblies (66ms)
			RebuildTransferFunctionScriptingTraits (0ms)
			SetupTypeCache (98ms)
			ReleaseScriptCaches (0ms)
			RebuildScriptCaches (28ms)
			SetupLoadedEditorAssemblies (316ms)
				LogAssemblyErrors (0ms)
				InitializePlatformSupportModulesInManaged (13ms)
				SetLoadedEditorAssemblies (0ms)
				RefreshPlugins (138ms)
				BeforeProcessingInitializeOnLoad (1ms)
				ProcessInitializeOnLoadAttributes (122ms)
				ProcessInitializeOnLoadMethodAttributes (42ms)
				AfterProcessingInitializeOnLoad (0ms)
				EditorAssembliesLoaded (0ms)
			ExecutionOrderSort2 (0ms)
			AwakeInstancesAfterBackupRestoration (0ms)
Platform modules already initialized, skipping
Registering precompiled user dll's ...
Registered in 0.009799 seconds.
Begin MonoManager ReloadAssembly
Symbol file LoadedFromMemory doesn't match image D:\Users\Nathan\Documents\_Cül\Personal Projects\Land Jam 2022\Corn Soup Repo\unity-land-jam-seasons\Land Jam Corn Soup\Library\PackageCache\com.unity.visualscripting@1.7.8\Editor\VisualScripting.Core\Dependencies\YamlDotNet\Unity.VisualScripting.YamlDotNet.dll
Symbol file LoadedFromMemory doesn't match image D:\Users\Nathan\Documents\_Cül\Personal Projects\Land Jam 2022\Corn Soup Repo\unity-land-jam-seasons\Land Jam Corn Soup\Library\PackageCache\com.unity.visualscripting@1.7.8\Editor\VisualScripting.Core\Dependencies\DotNetZip\Unity.VisualScripting.IonicZip.dll
Native extension for WindowsStandalone target not found
Native extension for OSXStandalone target not found
Native extension for WebGL target not found
Refreshing native plugins compatible for Editor in 142.00 ms, found 3 plugins.
Preloading 0 native plugins for Editor in 0.00 ms.
Mono: successfully reloaded assembly
- Completed reload, in  1.685 seconds
Domain Reload Profiling:
	ReloadAssembly (1686ms)
		BeginReloadAssembly (106ms)
			ExecutionOrderSort (0ms)
			DisableScriptedObjects (6ms)
			BackupInstance (0ms)
			ReleaseScriptingObjects (0ms)
			CreateAndSetChildDomain (20ms)
		EndReloadAssembly (1462ms)
			LoadAssemblies (109ms)
			RebuildTransferFunctionScriptingTraits (0ms)
			SetupTypeCache (325ms)
			ReleaseScriptCaches (1ms)
			RebuildScriptCaches (105ms)
			SetupLoadedEditorAssemblies (881ms)
				LogAssemblyErrors (0ms)
				InitializePlatformSupportModulesInManaged (9ms)
				SetLoadedEditorAssemblies (0ms)
				RefreshPlugins (142ms)
				BeforeProcessingInitializeOnLoad (142ms)
				ProcessInitializeOnLoadAttributes (392ms)
				ProcessInitializeOnLoadMethodAttributes (186ms)
				AfterProcessingInitializeOnLoad (9ms)
				EditorAssembliesLoaded (0ms)
			ExecutionOrderSort2 (0ms)
			AwakeInstancesAfterBackupRestoration (5ms)
Platform modules already initialized, skipping
========================================================================
Worker process is ready to serve import requests
Launched and connected shader compiler UnityShaderCompiler.exe after 0.08 seconds
Refreshing native plugins compatible for Editor in 1.18 ms, found 3 plugins.
Preloading 0 native plugins for Editor in 0.00 ms.
Unloading 6881 Unused Serialized files (Serialized files now loaded: 0)
Unloading 68 unused Assets / (3.5 MB). Loaded Objects now: 7345.
Memory consumption went from 310.1 MB to 306.6 MB.
Total: 4.939100 ms (FindLiveObjects: 0.585200 ms CreateObjectMapping: 0.195000 ms MarkObjects: 3.342900 ms  DeleteObjects: 0.814900 ms)

AssetImportParameters requested are different than current active one (requested -> active):
  custom:video-decoder-ogg-theora: a1e56fd34408186e4bbccfd4996cb3dc -> 
  custom:container-muxer-webm: aa71ff27fc2769a1b78a27578f13a17b -> 
  custom:container-demuxer-webm: 4f35f7cbe854078d1ac9338744f61a02 -> 
  custom:video-encoder-webm-vp8: eb34c28f22e8b96e1ab97ce403110664 -> 
  custom:audio-encoder-webm-vorbis: bf7c407c2cedff20999df2af8eb42d56 -> 
  custom:framework-win-MediaFoundation: 216162199b28c13a410421893ffa2e32 -> 
  custom:container-demuxer-ogg: 62fdf1f143b41e24485cea50d1cbac27 -> 
  custom:video-decoder-webm-vp8: 9c59270c3fd7afecdb556c50c9e8de78 -> 
  custom:audio-decoder-ogg-vorbis: bf7c407c2cedff20999df2af8eb42d56 -> 
========================================================================
Received Import Request.
  Time since last request: 8584.599010 seconds.
  path: Assets/Tree 1_Textures/diffuse.png
  artifactKey: Guid(aebbf3f9787551646aa9d1adff632642) Importer(815301076,1909f56bfc062723c751e8b465ee728b)
Start importing Assets/Tree 1_Textures/diffuse.png using Guid(aebbf3f9787551646aa9d1adff632642) Importer(815301076,1909f56bfc062723c751e8b465ee728b)  -> (artifact id: 'f162e1930b3ccd42615183312b886fa4') in 0.081122 seconds 
========================================================================
Received Import Request.
  Time since last request: 132.609778 seconds.
  path: Assets/Textures
  artifactKey: Guid(02658785e2947e04ea8cbda21e162aa9) Importer(815301076,1909f56bfc062723c751e8b465ee728b)
Start importing Assets/Textures using Guid(02658785e2947e04ea8cbda21e162aa9) Importer(815301076,1909f56bfc062723c751e8b465ee728b)  -> (artifact id: '49d5037efed9960e211b90422a2acb36') in 0.006038 seconds 
========================================================================
Received Import Request.
  Time since last request: 5.374041 seconds.
  path: Assets/Textures/Foliage
  artifactKey: Guid(a24dbb5d5991f9d48b1442790e87e985) Importer(815301076,1909f56bfc062723c751e8b465ee728b)
Start importing Assets/Textures/Foliage using Guid(a24dbb5d5991f9d48b1442790e87e985) Importer(815301076,1909f56bfc062723c751e8b465ee728b)  -> (artifact id: '17e5f25f691147174e4d10e3f3758754') in 0.005856 seconds 
========================================================================
Received Import Request.
  Time since last request: 29.865730 seconds.
  path: Assets/Materials/Foliage
  artifactKey: Guid(f9f295cdeae595e498ae3970ac815f11) Importer(815301076,1909f56bfc062723c751e8b465ee728b)
Start importing Assets/Materials/Foliage using Guid(f9f295cdeae595e498ae3970ac815f11) Importer(815301076,1909f56bfc062723c751e8b465ee728b)  -> (artifact id: '50a6e37a7e4eba9cee451d8244ae4624') in 0.004940 seconds 
========================================================================
Received Import Request.
  Time since last request: 114.201190 seconds.
  path: Assets/Textures/Foliage/TexturesCom_Wood_BarkCedar2_4x2_1K_albedo.tif
  artifactKey: Guid(2ac124ea8da1c0340882a5a39a3b2a50) Importer(815301076,1909f56bfc062723c751e8b465ee728b)
Start importing Assets/Textures/Foliage/TexturesCom_Wood_BarkCedar2_4x2_1K_albedo.tif using Guid(2ac124ea8da1c0340882a5a39a3b2a50) Importer(815301076,1909f56bfc062723c751e8b465ee728b)  -> (artifact id: 'ba449e6cbd16edc26aff5557da1eeabe') in 0.020498 seconds 
========================================================================
Received Import Request.
  Time since last request: 28233.750783 seconds.
  path: Assets/Textures/Foliage/TexturesCom_Grass11_512_albedo.tif
  artifactKey: Guid(074cbab8d04790a4bb3269d8a3702f7f) Importer(815301076,1909f56bfc062723c751e8b465ee728b)
Start importing Assets/Textures/Foliage/TexturesCom_Grass11_512_albedo.tif using Guid(074cbab8d04790a4bb3269d8a3702f7f) Importer(815301076,1909f56bfc062723c751e8b465ee728b)  -> (artifact id: '5a688f61a6b81433d9a6dc3226f545cd') in 0.018856 seconds 
========================================================================
Received Import Request.
  Time since last request: 0.502796 seconds.
  path: Assets/Textures/Foliage/TexturesCom_Grass11_512_normal.tif
  artifactKey: Guid(afa8558efa363ad49bf012792f5e106f) Importer(815301076,1909f56bfc062723c751e8b465ee728b)
Start importing Assets/Textures/Foliage/TexturesCom_Grass11_512_normal.tif using Guid(afa8558efa363ad49bf012792f5e106f) Importer(815301076,1909f56bfc062723c751e8b465ee728b)  -> (artifact id: 'd3c2259b68ae6847bcce21cc8dac0de6') in 0.055767 seconds 
========================================================================
Received Import Request.
  Time since last request: 69.425174 seconds.
  path: Assets/Textures/Foliage/TexturesCom_Grass11_512_albedo.tif
  artifactKey: Guid(074cbab8d04790a4bb3269d8a3702f7f) Importer(815301076,1909f56bfc062723c751e8b465ee728b)
Start importing Assets/Textures/Foliage/TexturesCom_Grass11_512_albedo.tif using Guid(074cbab8d04790a4bb3269d8a3702f7f) Importer(815301076,1909f56bfc062723c751e8b465ee728b)  -> (artifact id: '3eaf71b3eb2f540a9465d6e8f720b62f') in 0.018686 seconds 
========================================================================
Received Import Request.
  Time since last request: 123.210023 seconds.
  path: Assets/Textures/Foliage/TexturesCom_Grass11_512_alpha.tif
  artifactKey: Guid(3ea083426c677564ba01f816d2d773cf) Importer(815301076,1909f56bfc062723c751e8b465ee728b)
Start importing Assets/Textures/Foliage/TexturesCom_Grass11_512_alpha.tif using Guid(3ea083426c677564ba01f816d2d773cf) Importer(815301076,1909f56bfc062723c751e8b465ee728b)  -> (artifact id: 'a3123df7ba9f8196c466f623066148dc') in 0.028282 seconds 
========================================================================
Received Import Request.
  Time since last request: 123.499904 seconds.
  path: Assets/Textures/Foliage/TexturesCom_Grass11_512_albedo.png
  artifactKey: Guid(c00dc6bf20e35964ea0b9f84999ddf7c) Importer(815301076,1909f56bfc062723c751e8b465ee728b)
Start importing Assets/Textures/Foliage/TexturesCom_Grass11_512_albedo.png using Guid(c00dc6bf20e35964ea0b9f84999ddf7c) Importer(815301076,1909f56bfc062723c751e8b465ee728b)  -> (artifact id: '3bf0d9d6007d387afe90bba94e1dd20c') in 0.014013 seconds 
========================================================================
Received Import Request.
  Time since last request: 4.170165 seconds.
  path: Assets/Textures/Foliage/TexturesCom_Grass11_512_albedo.png
  artifactKey: Guid(c00dc6bf20e35964ea0b9f84999ddf7c) Importer(815301076,1909f56bfc062723c751e8b465ee728b)
Start importing Assets/Textures/Foliage/TexturesCom_Grass11_512_albedo.png using Guid(c00dc6bf20e35964ea0b9f84999ddf7c) Importer(815301076,1909f56bfc062723c751e8b465ee728b)  -> (artifact id: 'f8866c451f90f9c2349f4a65af9022dc') in 0.100202 seconds 
========================================================================
Received Import Request.
  Time since last request: 50.405988 seconds.
  path: Assets/Prefabs
  artifactKey: Guid(c67de1f91888cbb47abcaa5740f97e41) Importer(815301076,1909f56bfc062723c751e8b465ee728b)
Start importing Assets/Prefabs using Guid(c67de1f91888cbb47abcaa5740f97e41) Importer(815301076,1909f56bfc062723c751e8b465ee728b)  -> (artifact id: 'deab1a8967c421739b938437ad7dc34d') in 0.026983 seconds 
========================================================================
Received Import Request.
  Time since last request: 9.704014 seconds.
  path: Assets/Prefabs/Environment
  artifactKey: Guid(03a467a994913f14db086c1bd5cfd4d6) Importer(815301076,1909f56bfc062723c751e8b465ee728b)
Start importing Assets/Prefabs/Environment using Guid(03a467a994913f14db086c1bd5cfd4d6) Importer(815301076,1909f56bfc062723c751e8b465ee728b)  -> (artifact id: '643cbc3109a52722e89aaf7e33188add') in 0.006068 seconds 
========================================================================
Received Import Request.
  Time since last request: 6.783033 seconds.
  path: Assets/Prefabs/Environment/Foliage
  artifactKey: Guid(e1fca9549a49a904fbcbe100f767f004) Importer(815301076,1909f56bfc062723c751e8b465ee728b)
Start importing Assets/Prefabs/Environment/Foliage using Guid(e1fca9549a49a904fbcbe100f767f004) Importer(815301076,1909f56bfc062723c751e8b465ee728b)  -> (artifact id: 'f52acef174f0606d9a76180c06dd59e9') in 0.006009 seconds 
========================================================================
Received Import Request.
  Time since last request: 4.745270 seconds.
  path: Assets/Prefabs/Environment/Foliage/Grass.prefab
  artifactKey: Guid(d7f7efbfdf085944b8dd43d0c5a74e63) Importer(815301076,1909f56bfc062723c751e8b465ee728b)
Start importing Assets/Prefabs/Environment/Foliage/Grass.prefab using Guid(d7f7efbfdf085944b8dd43d0c5a74e63) Importer(815301076,1909f56bfc062723c751e8b465ee728b)  -> (artifact id: 'fff1828dd16be345577572af86d33b43') in 3.242173 seconds 
========================================================================
Received Import Request.
  Time since last request: 1384.717085 seconds.
  path: Assets/Textures/Foliage/CedarBranch_Tex.png
  artifactKey: Guid(466038085e217c7458747def24792a33) Importer(815301076,1909f56bfc062723c751e8b465ee728b)
Start importing Assets/Textures/Foliage/CedarBranch_Tex.png using Guid(466038085e217c7458747def24792a33) Importer(815301076,1909f56bfc062723c751e8b465ee728b)  -> (artifact id: 'd49906e2cbe456bfdb0ed16b39f1b626') in 0.017206 seconds 
========================================================================
Received Import Request.
  Time since last request: 6.497639 seconds.
  path: Assets/Textures/Foliage/CedarBranch_Tex.png
  artifactKey: Guid(466038085e217c7458747def24792a33) Importer(815301076,1909f56bfc062723c751e8b465ee728b)
Start importing Assets/Textures/Foliage/CedarBranch_Tex.png using Guid(466038085e217c7458747def24792a33) Importer(815301076,1909f56bfc062723c751e8b465ee728b)  -> (artifact id: '513cbb101d8892f08e8016bf50784af4') in 0.085231 seconds 
========================================================================
Received Import Request.
  Time since last request: 12.731969 seconds.
  path: Assets/Textures/Foliage/CedarBranch_Tex_02.png
  artifactKey: Guid(45880c63f6774ee4eb7e21d94db68a43) Importer(815301076,1909f56bfc062723c751e8b465ee728b)
Start importing Assets/Textures/Foliage/CedarBranch_Tex_02.png using Guid(45880c63f6774ee4eb7e21d94db68a43) Importer(815301076,1909f56bfc062723c751e8b465ee728b)  -> (artifact id: '68b38bf81dc7d53702cb3420741f1073') in 0.082658 seconds 
========================================================================
Received Import Request.
  Time since last request: 16.961983 seconds.
  path: Assets/Textures/Foliage/CedarBranch_Tex.png
  artifactKey: Guid(466038085e217c7458747def24792a33) Importer(815301076,1909f56bfc062723c751e8b465ee728b)
Start importing Assets/Textures/Foliage/CedarBranch_Tex.png using Guid(466038085e217c7458747def24792a33) Importer(815301076,1909f56bfc062723c751e8b465ee728b)  -> (artifact id: 'fedf8b2a2714d506515c86e7912b7ba6') in 0.078834 seconds 
========================================================================
Received Import Request.
  Time since last request: 5.286732 seconds.
  path: Assets/Textures/Foliage/CedarBranch_Tex_02.png
  artifactKey: Guid(45880c63f6774ee4eb7e21d94db68a43) Importer(815301076,1909f56bfc062723c751e8b465ee728b)
Start importing Assets/Textures/Foliage/CedarBranch_Tex_02.png using Guid(45880c63f6774ee4eb7e21d94db68a43) Importer(815301076,1909f56bfc062723c751e8b465ee728b)  -> (artifact id: '961ab6ce80b58ceacd8d5cb5cf0ce8a2') in 0.107105 seconds 
========================================================================
Received Import Request.
  Time since last request: 19.138456 seconds.
  path: Assets/Meshes/Foliage/CedarTree.fbx
  artifactKey: Guid(43a462be5a4fcfd409853944329b54b3) Importer(815301076,1909f56bfc062723c751e8b465ee728b)
Start importing Assets/Meshes/Foliage/CedarTree.fbx using Guid(43a462be5a4fcfd409853944329b54b3) Importer(815301076,1909f56bfc062723c751e8b465ee728b)  -> (artifact id: '915389e428568b71148c3cf4d24c6efa') in 0.218329 seconds 
========================================================================
Received Import Request.
  Time since last request: 5.557781 seconds.
  path: Assets/Meshes/Foliage/CedarTree.fbx
  artifactKey: Guid(43a462be5a4fcfd409853944329b54b3) Importer(815301076,1909f56bfc062723c751e8b465ee728b)
Start importing Assets/Meshes/Foliage/CedarTree.fbx using Guid(43a462be5a4fcfd409853944329b54b3) Importer(815301076,1909f56bfc062723c751e8b465ee728b)  -> (artifact id: 'eca0e9f33b6ed2330f6dd3a4070e7109') in 0.023009 seconds 
========================================================================
Received Prepare
Registering precompiled user dll's ...
Registered in 0.008096 seconds.
