Using pre-set license
Built from '2021.3/staging' branch; Version is '2021.3.5f1 (40eb3a945986) revision 4254522'; Using compiler version '192829333'; Build Type 'Release'
OS: 'Windows 10  (10.0.19043) 64bit CoreSingleLanguage' Language: 'en' Physical Memory: 16289 MB
BatchMode: 1, IsHumanControllingUs: 0, StartBugReporterOnCrash: 0, Is64bit: 1, IsPro: 1

COMMAND LINE ARGUMENTS:
C:\Program Files\Unity\Hub\Editor\2021.3.5f1\Editor\Unity.exe
-adb2
-batchMode
-noUpm
-name
AssetImportWorker8
-projectPath
C:/Users/malou/Documents/GitHub/unity-land-jam-seasons/Land Jam Corn Soup
-logFile
Logs/AssetImportWorker8.log
-srvPort
52094
Successfully changed project path to: C:/Users/malou/Documents/GitHub/unity-land-jam-seasons/Land Jam Corn Soup
C:/Users/malou/Documents/GitHub/unity-land-jam-seasons/Land Jam Corn Soup
[UnityMemory] Configuration Parameters - Can be set up in boot.config
    "memorysetup-bucket-allocator-granularity=16"
    "memorysetup-bucket-allocator-bucket-count=8"
    "memorysetup-bucket-allocator-block-size=33554432"
    "memorysetup-bucket-allocator-block-count=8"
    "memorysetup-main-allocator-block-size=16777216"
    "memorysetup-thread-allocator-block-size=16777216"
    "memorysetup-gfx-main-allocator-block-size=16777216"
    "memorysetup-gfx-thread-allocator-block-size=16777216"
    "memorysetup-cache-allocator-block-size=4194304"
    "memorysetup-typetree-allocator-block-size=2097152"
    "memorysetup-profiler-bucket-allocator-granularity=16"
    "memorysetup-profiler-bucket-allocator-bucket-count=8"
    "memorysetup-profiler-bucket-allocator-block-size=33554432"
    "memorysetup-profiler-bucket-allocator-block-count=8"
    "memorysetup-profiler-allocator-block-size=16777216"
    "memorysetup-profiler-editor-allocator-block-size=1048576"
    "memorysetup-temp-allocator-size-main=16777216"
    "memorysetup-job-temp-allocator-block-size=2097152"
    "memorysetup-job-temp-allocator-block-size-background=1048576"
    "memorysetup-job-temp-allocator-reduction-small-platforms=262144"
    "memorysetup-temp-allocator-size-background-worker=32768"
    "memorysetup-temp-allocator-size-job-worker=262144"
    "memorysetup-temp-allocator-size-preload-manager=33554432"
    "memorysetup-temp-allocator-size-nav-mesh-worker=65536"
    "memorysetup-temp-allocator-size-audio-worker=65536"
    "memorysetup-temp-allocator-size-cloud-worker=32768"
    "memorysetup-temp-allocator-size-gi-baking-worker=262144"
    "memorysetup-temp-allocator-size-gfx=262144"
Refreshing native plugins compatible for Editor in 162.05 ms, found 3 plugins.
Preloading 0 native plugins for Editor in 0.00 ms.
Initialize engine version: 2021.3.5f1 (40eb3a945986)
[Subsystems] Discovering subsystems at path C:/Program Files/Unity/Hub/Editor/2021.3.5f1/Editor/Data/Resources/UnitySubsystems
[Subsystems] Discovering subsystems at path C:/Users/malou/Documents/GitHub/unity-land-jam-seasons/Land Jam Corn Soup/Assets
GfxDevice: creating device client; threaded=0; jobified=0
Direct3D:
    Version:  Direct3D 11.0 [level 11.1]
    Renderer: NVIDIA GeForce GTX 1660 (ID=0x2184)
    Vendor:   NVIDIA
    VRAM:     5992 MB
    Driver:   31.0.15.1640
Initialize mono
Mono path[0] = 'C:/Program Files/Unity/Hub/Editor/2021.3.5f1/Editor/Data/Managed'
Mono path[1] = 'C:/Program Files/Unity/Hub/Editor/2021.3.5f1/Editor/Data/MonoBleedingEdge/lib/mono/unityjit-win32'
Mono config path = 'C:/Program Files/Unity/Hub/Editor/2021.3.5f1/Editor/Data/MonoBleedingEdge/etc'
Using monoOptions --debugger-agent=transport=dt_socket,embedding=1,server=y,suspend=n,address=127.0.0.1:56044
Begin MonoManager ReloadAssembly
Registering precompiled unity dll's ...
Register platform support module: C:/Program Files/Unity/Hub/Editor/2021.3.5f1/Editor/Data/PlaybackEngines/WebGLSupport/UnityEditor.WebGL.Extensions.dll
Register platform support module: C:/Program Files/Unity/Hub/Editor/2021.3.5f1/Editor/Data/PlaybackEngines/WindowsStandaloneSupport/UnityEditor.WindowsStandalone.Extensions.dll
Registered in 0.008397 seconds.
Native extension for WindowsStandalone target not found
Native extension for WebGL target not found
Refreshing native plugins compatible for Editor in 172.26 ms, found 3 plugins.
Preloading 0 native plugins for Editor in 0.00 ms.
Mono: successfully reloaded assembly
- Completed reload, in  0.744 seconds
Domain Reload Profiling:
	ReloadAssembly (744ms)
		BeginReloadAssembly (68ms)
			ExecutionOrderSort (0ms)
			DisableScriptedObjects (0ms)
			BackupInstance (0ms)
			ReleaseScriptingObjects (0ms)
			CreateAndSetChildDomain (1ms)
		EndReloadAssembly (557ms)
			LoadAssemblies (66ms)
			RebuildTransferFunctionScriptingTraits (0ms)
			SetupTypeCache (109ms)
			ReleaseScriptCaches (0ms)
			RebuildScriptCaches (25ms)
			SetupLoadedEditorAssemblies (367ms)
				LogAssemblyErrors (0ms)
				InitializePlatformSupportModulesInManaged (9ms)
				SetLoadedEditorAssemblies (0ms)
				RefreshPlugins (172ms)
				BeforeProcessingInitializeOnLoad (1ms)
				ProcessInitializeOnLoadAttributes (135ms)
				ProcessInitializeOnLoadMethodAttributes (49ms)
				AfterProcessingInitializeOnLoad (0ms)
				EditorAssembliesLoaded (0ms)
			ExecutionOrderSort2 (0ms)
			AwakeInstancesAfterBackupRestoration (0ms)
Platform modules already initialized, skipping
Registering precompiled user dll's ...
Registered in 0.011993 seconds.
Begin MonoManager ReloadAssembly
Symbol file LoadedFromMemory doesn't match image C:\Users\malou\Documents\GitHub\unity-land-jam-seasons\Land Jam Corn Soup\Library\PackageCache\com.unity.visualscripting@1.7.8\Editor\VisualScripting.Core\Dependencies\YamlDotNet\Unity.VisualScripting.YamlDotNet.dll
Symbol file LoadedFromMemory doesn't match image C:\Users\malou\Documents\GitHub\unity-land-jam-seasons\Land Jam Corn Soup\Library\PackageCache\com.unity.visualscripting@1.7.8\Editor\VisualScripting.Core\Dependencies\DotNetZip\Unity.VisualScripting.IonicZip.dll
Native extension for WindowsStandalone target not found
Native extension for WebGL target not found
Refreshing native plugins compatible for Editor in 153.30 ms, found 3 plugins.
Preloading 0 native plugins for Editor in 0.00 ms.
Mono: successfully reloaded assembly
- Completed reload, in  1.638 seconds
Domain Reload Profiling:
	ReloadAssembly (1638ms)
		BeginReloadAssembly (93ms)
			ExecutionOrderSort (0ms)
			DisableScriptedObjects (4ms)
			BackupInstance (0ms)
			ReleaseScriptingObjects (0ms)
			CreateAndSetChildDomain (16ms)
		EndReloadAssembly (1439ms)
			LoadAssemblies (82ms)
			RebuildTransferFunctionScriptingTraits (0ms)
			SetupTypeCache (316ms)
			ReleaseScriptCaches (1ms)
			RebuildScriptCaches (99ms)
			SetupLoadedEditorAssemblies (898ms)
				LogAssemblyErrors (0ms)
				InitializePlatformSupportModulesInManaged (5ms)
				SetLoadedEditorAssemblies (0ms)
				RefreshPlugins (153ms)
				BeforeProcessingInitializeOnLoad (158ms)
				ProcessInitializeOnLoadAttributes (436ms)
				ProcessInitializeOnLoadMethodAttributes (137ms)
				AfterProcessingInitializeOnLoad (8ms)
				EditorAssembliesLoaded (0ms)
			ExecutionOrderSort2 (0ms)
			AwakeInstancesAfterBackupRestoration (5ms)
Platform modules already initialized, skipping
========================================================================
Worker process is ready to serve import requests
Launched and connected shader compiler UnityShaderCompiler.exe after 0.05 seconds
Refreshing native plugins compatible for Editor in 1.19 ms, found 3 plugins.
Preloading 0 native plugins for Editor in 0.00 ms.
Unloading 7146 Unused Serialized files (Serialized files now loaded: 0)
Unloading 97 unused Assets / (5.0 MB). Loaded Objects now: 7637.
Memory consumption went from 334.2 MB to 329.2 MB.
Total: 4.814200 ms (FindLiveObjects: 0.597700 ms CreateObjectMapping: 0.218700 ms MarkObjects: 3.082000 ms  DeleteObjects: 0.915100 ms)

AssetImportParameters requested are different than current active one (requested -> active):
  custom:video-decoder-ogg-theora: a1e56fd34408186e4bbccfd4996cb3dc -> 
  custom:container-muxer-webm: aa71ff27fc2769a1b78a27578f13a17b -> 
  custom:container-demuxer-webm: 4f35f7cbe854078d1ac9338744f61a02 -> 
  custom:video-encoder-webm-vp8: eb34c28f22e8b96e1ab97ce403110664 -> 
  custom:audio-encoder-webm-vorbis: bf7c407c2cedff20999df2af8eb42d56 -> 
  custom:framework-win-MediaFoundation: 216162199b28c13a410421893ffa2e32 -> 
  custom:container-demuxer-ogg: 62fdf1f143b41e24485cea50d1cbac27 -> 
  custom:video-decoder-webm-vp8: 9c59270c3fd7afecdb556c50c9e8de78 -> 
  custom:audio-decoder-ogg-vorbis: bf7c407c2cedff20999df2af8eb42d56 -> 
========================================================================
Received Import Request.
  Time since last request: 139043.510954 seconds.
  path: Assets/SampleSceneAssets/Particles/FallingLeaves.vfx
  artifactKey: Guid(bf2740e433dd7c74790d9025218fb541) Importer(815301076,1909f56bfc062723c751e8b465ee728b)
Start importing Assets/SampleSceneAssets/Particles/FallingLeaves.vfx using Guid(bf2740e433dd7c74790d9025218fb541) Importer(815301076,1909f56bfc062723c751e8b465ee728b)  -> (artifact id: 'fe7132f80987d79f6e43f2f5a7ef6740') in 1.397127 seconds 
========================================================================
Received Import Request.
  Time since last request: 0.000057 seconds.
  path: Assets/SampleSceneAssets/Materials/General/Aluminium_Mat.mat
  artifactKey: Guid(7e2338eeff7d3b0439250086f961228b) Importer(815301076,1909f56bfc062723c751e8b465ee728b)
Start importing Assets/SampleSceneAssets/Materials/General/Aluminium_Mat.mat using Guid(7e2338eeff7d3b0439250086f961228b) Importer(815301076,1909f56bfc062723c751e8b465ee728b)  -> (artifact id: '220439ba0fcc886b5bbde8d912d0b470') in 0.444826 seconds 
========================================================================
Received Import Request.
  Time since last request: 0.000049 seconds.
  path: Assets/SampleSceneAssets/Materials/General/GlassDark_Mat.mat
  artifactKey: Guid(51396a457ace7ca459c474a7d7ed6ceb) Importer(815301076,1909f56bfc062723c751e8b465ee728b)
Start importing Assets/SampleSceneAssets/Materials/General/GlassDark_Mat.mat using Guid(51396a457ace7ca459c474a7d7ed6ceb) Importer(815301076,1909f56bfc062723c751e8b465ee728b)  -> (artifact id: 'c09b6d4fd67b067d6ad48d772e7282c1') in 10.843719 seconds 
========================================================================
Received Import Request.
  Time since last request: 193.315230 seconds.
  path: Assets/Meshes/Corn Cob/Corn.prefab
  artifactKey: Guid(510aead7ab3ce934cbf0f4292bc71655) Importer(815301076,1909f56bfc062723c751e8b465ee728b)
Start importing Assets/Meshes/Corn Cob/Corn.prefab using Guid(510aead7ab3ce934cbf0f4292bc71655) Importer(815301076,1909f56bfc062723c751e8b465ee728b)  -> (artifact id: '397cdcc04efc512a74913fe1701b70bb') in 0.033139 seconds 
========================================================================
Received Import Request.
  Time since last request: 110.522347 seconds.
  path: Assets/Prefabs/Collectables/Fresh Corn Variant.prefab
  artifactKey: Guid(95fb37e3dcd722149a130dd9e78a06ef) Importer(815301076,1909f56bfc062723c751e8b465ee728b)
Start importing Assets/Prefabs/Collectables/Fresh Corn Variant.prefab using Guid(95fb37e3dcd722149a130dd9e78a06ef) Importer(815301076,1909f56bfc062723c751e8b465ee728b)  -> (artifact id: 'bf90dc8bf896c0239e47306e6c88ef3d') in 0.019357 seconds 
========================================================================
Received Import Request.
  Time since last request: 189.726538 seconds.
  path: Assets/Meshes/Corn Cob/Corn.prefab
  artifactKey: Guid(510aead7ab3ce934cbf0f4292bc71655) Importer(815301076,1909f56bfc062723c751e8b465ee728b)
Start importing Assets/Meshes/Corn Cob/Corn.prefab using Guid(510aead7ab3ce934cbf0f4292bc71655) Importer(815301076,1909f56bfc062723c751e8b465ee728b)  -> (artifact id: '7d2551dfe919a8ecfacb33c59f278dc6') in 0.018612 seconds 
========================================================================
Received Import Request.
  Time since last request: 62.997536 seconds.
  path: Assets/Prefabs/Collectables/Fresh Corn Variant.prefab
  artifactKey: Guid(95fb37e3dcd722149a130dd9e78a06ef) Importer(815301076,1909f56bfc062723c751e8b465ee728b)
Start importing Assets/Prefabs/Collectables/Fresh Corn Variant.prefab using Guid(95fb37e3dcd722149a130dd9e78a06ef) Importer(815301076,1909f56bfc062723c751e8b465ee728b)  -> (artifact id: 'c1b218b03fee35a4470ddfdcbe3e06ba') in 0.027828 seconds 
========================================================================
Received Import Request.
  Time since last request: 24.343174 seconds.
  path: Assets/Prefabs/Collectables/Strawberry Variant.prefab
  artifactKey: Guid(5e3cb6f4f4c8e5f41a1207315921d998) Importer(815301076,1909f56bfc062723c751e8b465ee728b)
Start importing Assets/Prefabs/Collectables/Strawberry Variant.prefab using Guid(5e3cb6f4f4c8e5f41a1207315921d998) Importer(815301076,1909f56bfc062723c751e8b465ee728b)  -> (artifact id: 'a13309d56bda7431987bdf51c15a9f5c') in 0.026426 seconds 
========================================================================
Received Import Request.
  Time since last request: 85.822769 seconds.
  path: Assets/Prefabs/Collectables/Fresh Corn Variant.prefab
  artifactKey: Guid(95fb37e3dcd722149a130dd9e78a06ef) Importer(815301076,1909f56bfc062723c751e8b465ee728b)
Start importing Assets/Prefabs/Collectables/Fresh Corn Variant.prefab using Guid(95fb37e3dcd722149a130dd9e78a06ef) Importer(815301076,1909f56bfc062723c751e8b465ee728b)  -> (artifact id: '64db249f96447df0ee3d5773b9074bd7') in 0.025738 seconds 
========================================================================
Received Prepare
Registering precompiled user dll's ...
Registered in 0.012959 seconds.
Begin MonoManager ReloadAssembly
Symbol file LoadedFromMemory doesn't match image C:\Users\malou\Documents\GitHub\unity-land-jam-seasons\Land Jam Corn Soup\Library\PackageCache\com.unity.visualscripting@1.7.8\Editor\VisualScripting.Core\Dependencies\YamlDotNet\Unity.VisualScripting.YamlDotNet.dll
Symbol file LoadedFromMemory doesn't match image C:\Users\malou\Documents\GitHub\unity-land-jam-seasons\Land Jam Corn Soup\Library\PackageCache\com.unity.visualscripting@1.7.8\Editor\VisualScripting.Core\Dependencies\DotNetZip\Unity.VisualScripting.IonicZip.dll
Native extension for WindowsStandalone target not found
Native extension for WebGL target not found
Refreshing native plugins compatible for Editor in 1.20 ms, found 3 plugins.
Preloading 0 native plugins for Editor in 0.00 ms.
Mono: successfully reloaded assembly
- Completed reload, in  1.423 seconds
Domain Reload Profiling:
	ReloadAssembly (1423ms)
		BeginReloadAssembly (178ms)
			ExecutionOrderSort (0ms)
			DisableScriptedObjects (24ms)
			BackupInstance (0ms)
			ReleaseScriptingObjects (0ms)
			CreateAndSetChildDomain (55ms)
		EndReloadAssembly (1144ms)
			LoadAssemblies (86ms)
			RebuildTransferFunctionScriptingTraits (0ms)
			SetupTypeCache (306ms)
			ReleaseScriptCaches (2ms)
			RebuildScriptCaches (68ms)
			SetupLoadedEditorAssemblies (572ms)
				LogAssemblyErrors (0ms)
				InitializePlatformSupportModulesInManaged (12ms)
				SetLoadedEditorAssemblies (0ms)
				RefreshPlugins (1ms)
				BeforeProcessingInitializeOnLoad (104ms)
				ProcessInitializeOnLoadAttributes (411ms)
				ProcessInitializeOnLoadMethodAttributes (33ms)
				AfterProcessingInitializeOnLoad (9ms)
				EditorAssembliesLoaded (0ms)
			ExecutionOrderSort2 (0ms)
			AwakeInstancesAfterBackupRestoration (16ms)
Platform modules already initialized, skipping
Refreshing native plugins compatible for Editor in 3.27 ms, found 3 plugins.
Preloading 0 native plugins for Editor in 0.00 ms.
Unloading 6784 Unused Serialized files (Serialized files now loaded: 0)
Unloading 66 unused Assets / (4.9 MB). Loaded Objects now: 7805.
Memory consumption went from 321.2 MB to 316.3 MB.
Total: 4.819000 ms (FindLiveObjects: 0.576900 ms CreateObjectMapping: 0.177700 ms MarkObjects: 3.081800 ms  DeleteObjects: 0.981600 ms)

AssetImportParameters requested are different than current active one (requested -> active):
  custom:video-decoder-ogg-theora: a1e56fd34408186e4bbccfd4996cb3dc -> 
  custom:container-muxer-webm: aa71ff27fc2769a1b78a27578f13a17b -> 
  custom:container-demuxer-webm: 4f35f7cbe854078d1ac9338744f61a02 -> 
  custom:video-encoder-webm-vp8: eb34c28f22e8b96e1ab97ce403110664 -> 
  custom:audio-encoder-webm-vorbis: bf7c407c2cedff20999df2af8eb42d56 -> 
  custom:framework-win-MediaFoundation: 216162199b28c13a410421893ffa2e32 -> 
  custom:container-demuxer-ogg: 62fdf1f143b41e24485cea50d1cbac27 -> 
  custom:video-decoder-webm-vp8: 9c59270c3fd7afecdb556c50c9e8de78 -> 
  custom:audio-decoder-ogg-vorbis: bf7c407c2cedff20999df2af8eb42d56 -> 
========================================================================
Received Prepare
Registering precompiled user dll's ...
Registered in 0.011303 seconds.
Begin MonoManager ReloadAssembly
Symbol file LoadedFromMemory doesn't match image C:\Users\malou\Documents\GitHub\unity-land-jam-seasons\Land Jam Corn Soup\Library\PackageCache\com.unity.visualscripting@1.7.8\Editor\VisualScripting.Core\Dependencies\YamlDotNet\Unity.VisualScripting.YamlDotNet.dll
Symbol file LoadedFromMemory doesn't match image C:\Users\malou\Documents\GitHub\unity-land-jam-seasons\Land Jam Corn Soup\Library\PackageCache\com.unity.visualscripting@1.7.8\Editor\VisualScripting.Core\Dependencies\DotNetZip\Unity.VisualScripting.IonicZip.dll
Native extension for WindowsStandalone target not found
Native extension for WebGL target not found
Refreshing native plugins compatible for Editor in 1.26 ms, found 3 plugins.
Preloading 0 native plugins for Editor in 0.00 ms.
Mono: successfully reloaded assembly
- Completed reload, in  1.393 seconds
Domain Reload Profiling:
	ReloadAssembly (1393ms)
		BeginReloadAssembly (144ms)
			ExecutionOrderSort (0ms)
			DisableScriptedObjects (4ms)
			BackupInstance (0ms)
			ReleaseScriptingObjects (0ms)
			CreateAndSetChildDomain (44ms)
		EndReloadAssembly (1155ms)
			LoadAssemblies (90ms)
			RebuildTransferFunctionScriptingTraits (0ms)
			SetupTypeCache (304ms)
			ReleaseScriptCaches (2ms)
			RebuildScriptCaches (63ms)
			SetupLoadedEditorAssemblies (590ms)
				LogAssemblyErrors (0ms)
				InitializePlatformSupportModulesInManaged (12ms)
				SetLoadedEditorAssemblies (0ms)
				RefreshPlugins (1ms)
				BeforeProcessingInitializeOnLoad (105ms)
				ProcessInitializeOnLoadAttributes (427ms)
				ProcessInitializeOnLoadMethodAttributes (34ms)
				AfterProcessingInitializeOnLoad (10ms)
				EditorAssembliesLoaded (0ms)
			ExecutionOrderSort2 (0ms)
			AwakeInstancesAfterBackupRestoration (14ms)
Platform modules already initialized, skipping
Refreshing native plugins compatible for Editor in 3.19 ms, found 3 plugins.
Preloading 0 native plugins for Editor in 0.00 ms.
Unloading 6783 Unused Serialized files (Serialized files now loaded: 0)
Unloading 66 unused Assets / (5.0 MB). Loaded Objects now: 7820.
Memory consumption went from 320.9 MB to 316.0 MB.
Total: 5.615200 ms (FindLiveObjects: 0.655100 ms CreateObjectMapping: 0.218700 ms MarkObjects: 3.639500 ms  DeleteObjects: 1.100300 ms)

AssetImportParameters requested are different than current active one (requested -> active):
  custom:video-decoder-ogg-theora: a1e56fd34408186e4bbccfd4996cb3dc -> 
  custom:container-muxer-webm: aa71ff27fc2769a1b78a27578f13a17b -> 
  custom:container-demuxer-webm: 4f35f7cbe854078d1ac9338744f61a02 -> 
  custom:video-encoder-webm-vp8: eb34c28f22e8b96e1ab97ce403110664 -> 
  custom:audio-encoder-webm-vorbis: bf7c407c2cedff20999df2af8eb42d56 -> 
  custom:framework-win-MediaFoundation: 216162199b28c13a410421893ffa2e32 -> 
  custom:container-demuxer-ogg: 62fdf1f143b41e24485cea50d1cbac27 -> 
  custom:video-decoder-webm-vp8: 9c59270c3fd7afecdb556c50c9e8de78 -> 
  custom:audio-decoder-ogg-vorbis: bf7c407c2cedff20999df2af8eb42d56 -> 
========================================================================
Received Import Request.
  Time since last request: 1264.059859 seconds.
  path: Assets/Meshes/Bean Plant
  artifactKey: Guid(dceeb41d5626eb640a111ea5f274cdcf) Importer(815301076,1909f56bfc062723c751e8b465ee728b)
Start importing Assets/Meshes/Bean Plant using Guid(dceeb41d5626eb640a111ea5f274cdcf) Importer(815301076,1909f56bfc062723c751e8b465ee728b)  -> (artifact id: '89010e892a660db777a42c1338c842f2') in 0.016484 seconds 
========================================================================
Received Import Request.
  Time since last request: 26.169422 seconds.
  path: Assets/Prefabs/Collectables/Fresh Beans Variant.prefab
  artifactKey: Guid(60228ddb9909c7c44a7f634eea9c63cd) Importer(815301076,1909f56bfc062723c751e8b465ee728b)
Start importing Assets/Prefabs/Collectables/Fresh Beans Variant.prefab using Guid(60228ddb9909c7c44a7f634eea9c63cd) Importer(815301076,1909f56bfc062723c751e8b465ee728b)  -> (artifact id: 'af3aa1ea15c4ffe94c551e7fa0cb31c8') in 0.764591 seconds 
========================================================================
Received Import Request.
  Time since last request: 185.370816 seconds.
  path: Assets/Meshes/Bean Plant/Props.fbx
  artifactKey: Guid(963410b646cd14f45b9d6e65101ca7d4) Importer(815301076,1909f56bfc062723c751e8b465ee728b)
Start importing Assets/Meshes/Bean Plant/Props.fbx using Guid(963410b646cd14f45b9d6e65101ca7d4) Importer(815301076,1909f56bfc062723c751e8b465ee728b)  -> (artifact id: 'd57c30029031b014c5a740be84743670') in 0.299964 seconds 
========================================================================
Received Import Request.
  Time since last request: 218.102823 seconds.
  path: Assets/Meshes/Bean Plant/Materials
  artifactKey: Guid(2f9c1c443a2c599468192859b917d3d9) Importer(815301076,1909f56bfc062723c751e8b465ee728b)
Start importing Assets/Meshes/Bean Plant/Materials using Guid(2f9c1c443a2c599468192859b917d3d9) Importer(815301076,1909f56bfc062723c751e8b465ee728b)  -> (artifact id: '24026f89981f484966908ed173e7249a') in 0.002469 seconds 
========================================================================
Received Import Request.
  Time since last request: 0.462213 seconds.
  path: Assets/Meshes/Bean Plant/Props.fbx
  artifactKey: Guid(963410b646cd14f45b9d6e65101ca7d4) Importer(815301076,1909f56bfc062723c751e8b465ee728b)
Start importing Assets/Meshes/Bean Plant/Props.fbx using Guid(963410b646cd14f45b9d6e65101ca7d4) Importer(815301076,1909f56bfc062723c751e8b465ee728b)  -> (artifact id: 'cdd4eb6e830ebd23a55a9f7c93070a53') in 0.245488 seconds 
========================================================================
Received Import Request.
  Time since last request: 1251.737870 seconds.
  path: Assets/Meshes/Fresh Bean
  artifactKey: Guid(bce8654de345cad47b1c2220bad641fa) Importer(815301076,1909f56bfc062723c751e8b465ee728b)
Start importing Assets/Meshes/Fresh Bean using Guid(bce8654de345cad47b1c2220bad641fa) Importer(815301076,1909f56bfc062723c751e8b465ee728b)  -> (artifact id: 'ac9f4b2908bbd3554d64e8f2bbab37f8') in 0.006781 seconds 
========================================================================
Received Import Request.
  Time since last request: 10.164235 seconds.
  path: Assets/Meshes/Fresh Corn
  artifactKey: Guid(a2ea89b4ee114c74082c5bceec2b0435) Importer(815301076,1909f56bfc062723c751e8b465ee728b)
Start importing Assets/Meshes/Fresh Corn using Guid(a2ea89b4ee114c74082c5bceec2b0435) Importer(815301076,1909f56bfc062723c751e8b465ee728b)  -> (artifact id: '3c030acadbee3182d8f9d988d3bf6739') in 0.005980 seconds 
========================================================================
Received Import Request.
  Time since last request: 13.550276 seconds.
  path: Assets/Meshes/Fresh Bean/10182_Greenbeans.obj
  artifactKey: Guid(6289ac02267bd2c478a24c4ffefcf30d) Importer(815301076,1909f56bfc062723c751e8b465ee728b)
Start importing Assets/Meshes/Fresh Bean/10182_Greenbeans.obj using Guid(6289ac02267bd2c478a24c4ffefcf30d) Importer(815301076,1909f56bfc062723c751e8b465ee728b)  -> (artifact id: '0205226aff1d3b6fe13faa968121bd43') in 0.061587 seconds 
========================================================================
Received Import Request.
  Time since last request: 28.315106 seconds.
  path: Assets/Meshes/Fresh Bean/GreenBeansC.JPG
  artifactKey: Guid(614a560547c2aaf439d73fdf20796355) Importer(815301076,1909f56bfc062723c751e8b465ee728b)
Start importing Assets/Meshes/Fresh Bean/GreenBeansC.JPG using Guid(614a560547c2aaf439d73fdf20796355) Importer(815301076,1909f56bfc062723c751e8b465ee728b)  -> (artifact id: 'd65de8041c2e0620b8aab46e9afaa7d2') in 0.021821 seconds 
========================================================================
Received Import Request.
  Time since last request: 85.431239 seconds.
  path: Assets/Meshes/Fresh Bean/GreenBeans.prefab
  artifactKey: Guid(41090831b5c2e104c895035ceebc56be) Importer(815301076,1909f56bfc062723c751e8b465ee728b)
Start importing Assets/Meshes/Fresh Bean/GreenBeans.prefab using Guid(41090831b5c2e104c895035ceebc56be) Importer(815301076,1909f56bfc062723c751e8b465ee728b)  -> (artifact id: '52ae235bbdb9ae69225eabfc0bc8ff45') in 0.020418 seconds 
========================================================================
Received Import Request.
  Time since last request: 13.946884 seconds.
  path: Assets/Prefabs/Collectables/Fresh Beans Variant.prefab
  artifactKey: Guid(60228ddb9909c7c44a7f634eea9c63cd) Importer(815301076,1909f56bfc062723c751e8b465ee728b)
Start importing Assets/Prefabs/Collectables/Fresh Beans Variant.prefab using Guid(60228ddb9909c7c44a7f634eea9c63cd) Importer(815301076,1909f56bfc062723c751e8b465ee728b)  -> (artifact id: '195380f2c385abeef83705535cfc7ad5') in 0.019709 seconds 
========================================================================
Received Import Request.
  Time since last request: 44.054406 seconds.
  path: Assets/Prefabs/Collectables/Fresh Beans Variant.prefab
  artifactKey: Guid(60228ddb9909c7c44a7f634eea9c63cd) Importer(815301076,1909f56bfc062723c751e8b465ee728b)
Start importing Assets/Prefabs/Collectables/Fresh Beans Variant.prefab using Guid(60228ddb9909c7c44a7f634eea9c63cd) Importer(815301076,1909f56bfc062723c751e8b465ee728b)  -> (artifact id: '54a4c188f6b97424b9cd8bef7dc412a4') in 0.019052 seconds 
========================================================================
Received Prepare
Registering precompiled user dll's ...
Registered in 0.010490 seconds.
Begin MonoManager ReloadAssembly
Symbol file LoadedFromMemory doesn't match image C:\Users\malou\Documents\GitHub\unity-land-jam-seasons\Land Jam Corn Soup\Library\PackageCache\com.unity.visualscripting@1.7.8\Editor\VisualScripting.Core\Dependencies\YamlDotNet\Unity.VisualScripting.YamlDotNet.dll
Symbol file LoadedFromMemory doesn't match image C:\Users\malou\Documents\GitHub\unity-land-jam-seasons\Land Jam Corn Soup\Library\PackageCache\com.unity.visualscripting@1.7.8\Editor\VisualScripting.Core\Dependencies\DotNetZip\Unity.VisualScripting.IonicZip.dll
Native extension for WindowsStandalone target not found
Native extension for WebGL target not found
Refreshing native plugins compatible for Editor in 1.20 ms, found 3 plugins.
Preloading 0 native plugins for Editor in 0.00 ms.
Mono: successfully reloaded assembly
- Completed reload, in  1.458 seconds
Domain Reload Profiling:
	ReloadAssembly (1459ms)
		BeginReloadAssembly (184ms)
			ExecutionOrderSort (0ms)
			DisableScriptedObjects (26ms)
			BackupInstance (0ms)
			ReleaseScriptingObjects (0ms)
			CreateAndSetChildDomain (67ms)
		EndReloadAssembly (1175ms)
			LoadAssemblies (82ms)
			RebuildTransferFunctionScriptingTraits (0ms)
			SetupTypeCache (302ms)
			ReleaseScriptCaches (2ms)
			RebuildScriptCaches (70ms)
			SetupLoadedEditorAssemblies (598ms)
				LogAssemblyErrors (0ms)
				InitializePlatformSupportModulesInManaged (12ms)
				SetLoadedEditorAssemblies (0ms)
				RefreshPlugins (1ms)
				BeforeProcessingInitializeOnLoad (107ms)
				ProcessInitializeOnLoadAttributes (435ms)
				ProcessInitializeOnLoadMethodAttributes (32ms)
				AfterProcessingInitializeOnLoad (10ms)
				EditorAssembliesLoaded (0ms)
			ExecutionOrderSort2 (0ms)
			AwakeInstancesAfterBackupRestoration (15ms)
Platform modules already initialized, skipping
Refreshing native plugins compatible for Editor in 3.57 ms, found 3 plugins.
Preloading 0 native plugins for Editor in 0.00 ms.
Unloading 6783 Unused Serialized files (Serialized files now loaded: 0)
Unloading 66 unused Assets / (4.9 MB). Loaded Objects now: 7948.
Memory consumption went from 321.5 MB to 316.5 MB.
Total: 5.476500 ms (FindLiveObjects: 0.571500 ms CreateObjectMapping: 0.186800 ms MarkObjects: 3.640700 ms  DeleteObjects: 1.076300 ms)

AssetImportParameters requested are different than current active one (requested -> active):
  custom:video-decoder-ogg-theora: a1e56fd34408186e4bbccfd4996cb3dc -> 
  custom:container-muxer-webm: aa71ff27fc2769a1b78a27578f13a17b -> 
  custom:container-demuxer-webm: 4f35f7cbe854078d1ac9338744f61a02 -> 
  custom:video-encoder-webm-vp8: eb34c28f22e8b96e1ab97ce403110664 -> 
  custom:audio-encoder-webm-vorbis: bf7c407c2cedff20999df2af8eb42d56 -> 
  custom:framework-win-MediaFoundation: 216162199b28c13a410421893ffa2e32 -> 
  custom:container-demuxer-ogg: 62fdf1f143b41e24485cea50d1cbac27 -> 
  custom:video-decoder-webm-vp8: 9c59270c3fd7afecdb556c50c9e8de78 -> 
  custom:audio-decoder-ogg-vorbis: bf7c407c2cedff20999df2af8eb42d56 -> 
========================================================================
Received Import Request.
  Time since last request: 173.287520 seconds.
  path: Assets/Prefabs/Collectables/Collectable (Parent).prefab
  artifactKey: Guid(c3a5b610dfacdf24199a93a6b4d7aab5) Importer(815301076,1909f56bfc062723c751e8b465ee728b)
Start importing Assets/Prefabs/Collectables/Collectable (Parent).prefab using Guid(c3a5b610dfacdf24199a93a6b4d7aab5) Importer(815301076,1909f56bfc062723c751e8b465ee728b)  -> (artifact id: '6d785baba91a9bf11d5776438f75b55c') in 0.796708 seconds 
========================================================================
Received Import Request.
  Time since last request: 1.161836 seconds.
  path: Assets/Prefabs/Collectables/Ash Variant.prefab
  artifactKey: Guid(699ebe088db2d0e48a8fd0b55e55a544) Importer(815301076,1909f56bfc062723c751e8b465ee728b)
Start importing Assets/Prefabs/Collectables/Ash Variant.prefab using Guid(699ebe088db2d0e48a8fd0b55e55a544) Importer(815301076,1909f56bfc062723c751e8b465ee728b)  -> (artifact id: '8361c96f33cd642ffe87d4f7be6d7930') in 0.019505 seconds 
========================================================================
Received Import Request.
  Time since last request: 1.976943 seconds.
  path: Assets/Prefabs/Collectables/Venison Variant.prefab
  artifactKey: Guid(e00e6e41126b1474cb9167e5541fa466) Importer(815301076,1909f56bfc062723c751e8b465ee728b)
Start importing Assets/Prefabs/Collectables/Venison Variant.prefab using Guid(e00e6e41126b1474cb9167e5541fa466) Importer(815301076,1909f56bfc062723c751e8b465ee728b)  -> (artifact id: 'fbafebe6dbf222be90cd6ae363ff2a6e') in 0.018789 seconds 
========================================================================
Received Import Request.
  Time since last request: 24.812622 seconds.
  path: Assets/Meshes/Venison
  artifactKey: Guid(f4b3736bf9dc2104abdfb4e2a25084e0) Importer(815301076,1909f56bfc062723c751e8b465ee728b)
Start importing Assets/Meshes/Venison using Guid(f4b3736bf9dc2104abdfb4e2a25084e0) Importer(815301076,1909f56bfc062723c751e8b465ee728b)  -> (artifact id: '71685c1f8f41ff6f5a27487ddf8e1749') in 0.006028 seconds 
========================================================================
Received Import Request.
  Time since last request: 136.407836 seconds.
  path: Assets/Meshes/Venison/meat.obj
  artifactKey: Guid(e8420c5502caa954e91ca39e868ca647) Importer(815301076,1909f56bfc062723c751e8b465ee728b)
Start importing Assets/Meshes/Venison/meat.obj using Guid(e8420c5502caa954e91ca39e868ca647) Importer(815301076,1909f56bfc062723c751e8b465ee728b)  -> (artifact id: 'a5fb25d2fe470d321cc51787979039eb') in 0.085989 seconds 
========================================================================
Received Import Request.
  Time since last request: 80.942943 seconds.
  path: Assets/Meshes/Venison/Materials
  artifactKey: Guid(4f8948e53f2a81d43a9caca3df3ed272) Importer(815301076,1909f56bfc062723c751e8b465ee728b)
Start importing Assets/Meshes/Venison/Materials using Guid(4f8948e53f2a81d43a9caca3df3ed272) Importer(815301076,1909f56bfc062723c751e8b465ee728b)  -> (artifact id: '91d974037c5fdf98f4d0657996c439ba') in 0.002171 seconds 
========================================================================
Received Import Request.
  Time since last request: 135.320798 seconds.
  path: Assets/Prefabs/Collectables/Venison Variant.prefab
  artifactKey: Guid(e00e6e41126b1474cb9167e5541fa466) Importer(815301076,1909f56bfc062723c751e8b465ee728b)
Start importing Assets/Prefabs/Collectables/Venison Variant.prefab using Guid(e00e6e41126b1474cb9167e5541fa466) Importer(815301076,1909f56bfc062723c751e8b465ee728b)  -> (artifact id: '4d9f149fc038a2779e8545a740af1cb6') in 0.027162 seconds 
========================================================================
Received Import Request.
  Time since last request: 26.338423 seconds.
  path: Assets/Prefabs/Collectables/Venison Variant.prefab
  artifactKey: Guid(e00e6e41126b1474cb9167e5541fa466) Importer(815301076,1909f56bfc062723c751e8b465ee728b)
Start importing Assets/Prefabs/Collectables/Venison Variant.prefab using Guid(e00e6e41126b1474cb9167e5541fa466) Importer(815301076,1909f56bfc062723c751e8b465ee728b)  -> (artifact id: '7ca2b6e9ef92ff88b4a2224881a08748') in 0.017439 seconds 
========================================================================
Received Prepare
Registering precompiled user dll's ...
Registered in 0.010712 seconds.
Begin MonoManager ReloadAssembly
Symbol file LoadedFromMemory doesn't match image C:\Users\malou\Documents\GitHub\unity-land-jam-seasons\Land Jam Corn Soup\Library\PackageCache\com.unity.visualscripting@1.7.8\Editor\VisualScripting.Core\Dependencies\YamlDotNet\Unity.VisualScripting.YamlDotNet.dll
Symbol file LoadedFromMemory doesn't match image C:\Users\malou\Documents\GitHub\unity-land-jam-seasons\Land Jam Corn Soup\Library\PackageCache\com.unity.visualscripting@1.7.8\Editor\VisualScripting.Core\Dependencies\DotNetZip\Unity.VisualScripting.IonicZip.dll
Native extension for WindowsStandalone target not found
Native extension for WebGL target not found
Refreshing native plugins compatible for Editor in 1.17 ms, found 3 plugins.
Preloading 0 native plugins for Editor in 0.00 ms.
Mono: successfully reloaded assembly
- Completed reload, in  1.486 seconds
Domain Reload Profiling:
	ReloadAssembly (1486ms)
		BeginReloadAssembly (185ms)
			ExecutionOrderSort (0ms)
			DisableScriptedObjects (24ms)
			BackupInstance (0ms)
			ReleaseScriptingObjects (0ms)
			CreateAndSetChildDomain (62ms)
		EndReloadAssembly (1196ms)
			LoadAssemblies (91ms)
			RebuildTransferFunctionScriptingTraits (0ms)
			SetupTypeCache (341ms)
			ReleaseScriptCaches (2ms)
			RebuildScriptCaches (68ms)
			SetupLoadedEditorAssemblies (578ms)
				LogAssemblyErrors (0ms)
				InitializePlatformSupportModulesInManaged (12ms)
				SetLoadedEditorAssemblies (0ms)
				RefreshPlugins (1ms)
				BeforeProcessingInitializeOnLoad (106ms)
				ProcessInitializeOnLoadAttributes (417ms)
				ProcessInitializeOnLoadMethodAttributes (32ms)
				AfterProcessingInitializeOnLoad (9ms)
				EditorAssembliesLoaded (0ms)
			ExecutionOrderSort2 (0ms)
			AwakeInstancesAfterBackupRestoration (16ms)
Platform modules already initialized, skipping
Refreshing native plugins compatible for Editor in 3.35 ms, found 3 plugins.
Preloading 0 native plugins for Editor in 0.00 ms.
Unloading 6783 Unused Serialized files (Serialized files now loaded: 0)
Unloading 66 unused Assets / (5.0 MB). Loaded Objects now: 8072.
Memory consumption went from 321.6 MB to 316.6 MB.
Total: 6.735100 ms (FindLiveObjects: 0.970500 ms CreateObjectMapping: 0.271000 ms MarkObjects: 4.075100 ms  DeleteObjects: 1.416500 ms)

AssetImportParameters requested are different than current active one (requested -> active):
  custom:video-decoder-ogg-theora: a1e56fd34408186e4bbccfd4996cb3dc -> 
  custom:container-muxer-webm: aa71ff27fc2769a1b78a27578f13a17b -> 
  custom:container-demuxer-webm: 4f35f7cbe854078d1ac9338744f61a02 -> 
  custom:video-encoder-webm-vp8: eb34c28f22e8b96e1ab97ce403110664 -> 
  custom:audio-encoder-webm-vorbis: bf7c407c2cedff20999df2af8eb42d56 -> 
  custom:framework-win-MediaFoundation: 216162199b28c13a410421893ffa2e32 -> 
  custom:container-demuxer-ogg: 62fdf1f143b41e24485cea50d1cbac27 -> 
  custom:video-decoder-webm-vp8: 9c59270c3fd7afecdb556c50c9e8de78 -> 
  custom:audio-decoder-ogg-vorbis: bf7c407c2cedff20999df2af8eb42d56 -> 
========================================================================
Received Import Request.
  Time since last request: 6153.853145 seconds.
  path: Assets/Meshes/Campfire
  artifactKey: Guid(169b73bfb80c30b45953b6e3dc2dc31d) Importer(815301076,1909f56bfc062723c751e8b465ee728b)
Start importing Assets/Meshes/Campfire using Guid(169b73bfb80c30b45953b6e3dc2dc31d) Importer(815301076,1909f56bfc062723c751e8b465ee728b)  -> (artifact id: '9dcb20e420c32112cd8170c52022795e') in 0.016969 seconds 
========================================================================
Received Import Request.
  Time since last request: 7.860912 seconds.
  path: Assets/Meshes/Campfire/fire01.fbx
  artifactKey: Guid(cc6ffb40af6f3fc4f97e431a9b4f2695) Importer(815301076,1909f56bfc062723c751e8b465ee728b)
Start importing Assets/Meshes/Campfire/fire01.fbx using Guid(cc6ffb40af6f3fc4f97e431a9b4f2695) Importer(815301076,1909f56bfc062723c751e8b465ee728b)  -> (artifact id: '67d8774867dd90f450b63e60825c5f7b') in 0.827456 seconds 
========================================================================
Received Import Request.
  Time since last request: 138.947659 seconds.
  path: Assets/Meshes/Campfire/fire01_BaseColor.jpg
  artifactKey: Guid(e8d192d069dd7e14d9f5e934a7310c36) Importer(815301076,1909f56bfc062723c751e8b465ee728b)
Start importing Assets/Meshes/Campfire/fire01_BaseColor.jpg using Guid(e8d192d069dd7e14d9f5e934a7310c36) Importer(815301076,1909f56bfc062723c751e8b465ee728b)  -> (artifact id: '6bfdad4b7b7a28d0fb394a12bb6aadad') in 0.029535 seconds 
========================================================================
Received Import Request.
  Time since last request: 178.778615 seconds.
  path: Assets/Prefabs/Collectables/Ash Variant.prefab
  artifactKey: Guid(699ebe088db2d0e48a8fd0b55e55a544) Importer(815301076,1909f56bfc062723c751e8b465ee728b)
Start importing Assets/Prefabs/Collectables/Ash Variant.prefab using Guid(699ebe088db2d0e48a8fd0b55e55a544) Importer(815301076,1909f56bfc062723c751e8b465ee728b)  -> (artifact id: '77d2eddd66d8e2e946b6293c777afc04') in 0.026202 seconds 
========================================================================
Received Import Request.
  Time since last request: 53.982875 seconds.
  path: Assets/Prefabs/Collectables/Ash Variant.prefab
  artifactKey: Guid(699ebe088db2d0e48a8fd0b55e55a544) Importer(815301076,1909f56bfc062723c751e8b465ee728b)
Start importing Assets/Prefabs/Collectables/Ash Variant.prefab using Guid(699ebe088db2d0e48a8fd0b55e55a544) Importer(815301076,1909f56bfc062723c751e8b465ee728b)  -> (artifact id: '75bce2dceded96349d51a79b7be804a1') in 0.018250 seconds 
========================================================================
Received Prepare
Registering precompiled user dll's ...
Registered in 0.009899 seconds.
Begin MonoManager ReloadAssembly
Symbol file LoadedFromMemory doesn't match image C:\Users\malou\Documents\GitHub\unity-land-jam-seasons\Land Jam Corn Soup\Library\PackageCache\com.unity.visualscripting@1.7.8\Editor\VisualScripting.Core\Dependencies\YamlDotNet\Unity.VisualScripting.YamlDotNet.dll
Symbol file LoadedFromMemory doesn't match image C:\Users\malou\Documents\GitHub\unity-land-jam-seasons\Land Jam Corn Soup\Library\PackageCache\com.unity.visualscripting@1.7.8\Editor\VisualScripting.Core\Dependencies\DotNetZip\Unity.VisualScripting.IonicZip.dll
Native extension for WindowsStandalone target not found
Native extension for WebGL target not found
Refreshing native plugins compatible for Editor in 1.26 ms, found 3 plugins.
Preloading 0 native plugins for Editor in 0.00 ms.
Mono: successfully reloaded assembly
- Completed reload, in  1.445 seconds
Domain Reload Profiling:
	ReloadAssembly (1446ms)
		BeginReloadAssembly (179ms)
			ExecutionOrderSort (0ms)
			DisableScriptedObjects (23ms)
			BackupInstance (0ms)
			ReleaseScriptingObjects (0ms)
			CreateAndSetChildDomain (59ms)
		EndReloadAssembly (1173ms)
			LoadAssemblies (94ms)
			RebuildTransferFunctionScriptingTraits (0ms)
			SetupTypeCache (327ms)
			ReleaseScriptCaches (2ms)
			RebuildScriptCaches (67ms)
			SetupLoadedEditorAssemblies (570ms)
				LogAssemblyErrors (0ms)
				InitializePlatformSupportModulesInManaged (13ms)
				SetLoadedEditorAssemblies (0ms)
				RefreshPlugins (1ms)
				BeforeProcessingInitializeOnLoad (101ms)
				ProcessInitializeOnLoadAttributes (411ms)
				ProcessInitializeOnLoadMethodAttributes (33ms)
				AfterProcessingInitializeOnLoad (10ms)
				EditorAssembliesLoaded (0ms)
			ExecutionOrderSort2 (0ms)
			AwakeInstancesAfterBackupRestoration (16ms)
Platform modules already initialized, skipping
Refreshing native plugins compatible for Editor in 3.39 ms, found 3 plugins.
Preloading 0 native plugins for Editor in 0.00 ms.
Unloading 6783 Unused Serialized files (Serialized files now loaded: 0)
Unloading 66 unused Assets / (5.0 MB). Loaded Objects now: 8196.
Memory consumption went from 321.8 MB to 316.8 MB.
Total: 5.486700 ms (FindLiveObjects: 0.616300 ms CreateObjectMapping: 0.199900 ms MarkObjects: 3.465700 ms  DeleteObjects: 1.203800 ms)

AssetImportParameters requested are different than current active one (requested -> active):
  custom:video-decoder-ogg-theora: a1e56fd34408186e4bbccfd4996cb3dc -> 
  custom:container-muxer-webm: aa71ff27fc2769a1b78a27578f13a17b -> 
  custom:container-demuxer-webm: 4f35f7cbe854078d1ac9338744f61a02 -> 
  custom:video-encoder-webm-vp8: eb34c28f22e8b96e1ab97ce403110664 -> 
  custom:audio-encoder-webm-vorbis: bf7c407c2cedff20999df2af8eb42d56 -> 
  custom:framework-win-MediaFoundation: 216162199b28c13a410421893ffa2e32 -> 
  custom:container-demuxer-ogg: 62fdf1f143b41e24485cea50d1cbac27 -> 
  custom:video-decoder-webm-vp8: 9c59270c3fd7afecdb556c50c9e8de78 -> 
  custom:audio-decoder-ogg-vorbis: bf7c407c2cedff20999df2af8eb42d56 -> 
========================================================================
Received Import Request.
  Time since last request: 258.888830 seconds.
  path: Assets/Prefabs/Collectables/Ash Variant.prefab
  artifactKey: Guid(699ebe088db2d0e48a8fd0b55e55a544) Importer(815301076,1909f56bfc062723c751e8b465ee728b)
Start importing Assets/Prefabs/Collectables/Ash Variant.prefab using Guid(699ebe088db2d0e48a8fd0b55e55a544) Importer(815301076,1909f56bfc062723c751e8b465ee728b)  -> (artifact id: '70a05320f6c8dc02638038f2949cf0be') in 0.506453 seconds 
========================================================================
Received Import Request.
  Time since last request: 51.829346 seconds.
  path: Assets/Prefabs/Collectables/Ash Variant.prefab
  artifactKey: Guid(699ebe088db2d0e48a8fd0b55e55a544) Importer(815301076,1909f56bfc062723c751e8b465ee728b)
Start importing Assets/Prefabs/Collectables/Ash Variant.prefab using Guid(699ebe088db2d0e48a8fd0b55e55a544) Importer(815301076,1909f56bfc062723c751e8b465ee728b)  -> (artifact id: '77d6eaf74ded163083671c2c6f636e22') in 0.019173 seconds 
========================================================================
Received Prepare
Registering precompiled user dll's ...
Registered in 0.010899 seconds.
Begin MonoManager ReloadAssembly
Symbol file LoadedFromMemory doesn't match image C:\Users\malou\Documents\GitHub\unity-land-jam-seasons\Land Jam Corn Soup\Library\PackageCache\com.unity.visualscripting@1.7.8\Editor\VisualScripting.Core\Dependencies\YamlDotNet\Unity.VisualScripting.YamlDotNet.dll
Symbol file LoadedFromMemory doesn't match image C:\Users\malou\Documents\GitHub\unity-land-jam-seasons\Land Jam Corn Soup\Library\PackageCache\com.unity.visualscripting@1.7.8\Editor\VisualScripting.Core\Dependencies\DotNetZip\Unity.VisualScripting.IonicZip.dll
Native extension for WindowsStandalone target not found
Native extension for WebGL target not found
Refreshing native plugins compatible for Editor in 1.24 ms, found 3 plugins.
Preloading 0 native plugins for Editor in 0.00 ms.
Mono: successfully reloaded assembly
- Completed reload, in  1.437 seconds
Domain Reload Profiling:
	ReloadAssembly (1438ms)
		BeginReloadAssembly (178ms)
			ExecutionOrderSort (0ms)
			DisableScriptedObjects (23ms)
			BackupInstance (0ms)
			ReleaseScriptingObjects (0ms)
			CreateAndSetChildDomain (55ms)
		EndReloadAssembly (1166ms)
			LoadAssemblies (90ms)
			RebuildTransferFunctionScriptingTraits (0ms)
			SetupTypeCache (306ms)
			ReleaseScriptCaches (3ms)
			RebuildScriptCaches (66ms)
			SetupLoadedEditorAssemblies (584ms)
				LogAssemblyErrors (0ms)
				InitializePlatformSupportModulesInManaged (12ms)
				SetLoadedEditorAssemblies (0ms)
				RefreshPlugins (1ms)
				BeforeProcessingInitializeOnLoad (106ms)
				ProcessInitializeOnLoadAttributes (421ms)
				ProcessInitializeOnLoadMethodAttributes (33ms)
				AfterProcessingInitializeOnLoad (10ms)
				EditorAssembliesLoaded (0ms)
			ExecutionOrderSort2 (0ms)
			AwakeInstancesAfterBackupRestoration (18ms)
Platform modules already initialized, skipping
Refreshing native plugins compatible for Editor in 3.52 ms, found 3 plugins.
Preloading 0 native plugins for Editor in 0.00 ms.
Unloading 6783 Unused Serialized files (Serialized files now loaded: 0)
Unloading 66 unused Assets / (4.9 MB). Loaded Objects now: 8320.
Memory consumption went from 321.9 MB to 316.9 MB.
Total: 5.406700 ms (FindLiveObjects: 0.619400 ms CreateObjectMapping: 0.182300 ms MarkObjects: 3.434700 ms  DeleteObjects: 1.168700 ms)

AssetImportParameters requested are different than current active one (requested -> active):
  custom:video-decoder-ogg-theora: a1e56fd34408186e4bbccfd4996cb3dc -> 
  custom:container-muxer-webm: aa71ff27fc2769a1b78a27578f13a17b -> 
  custom:container-demuxer-webm: 4f35f7cbe854078d1ac9338744f61a02 -> 
  custom:video-encoder-webm-vp8: eb34c28f22e8b96e1ab97ce403110664 -> 
  custom:audio-encoder-webm-vorbis: bf7c407c2cedff20999df2af8eb42d56 -> 
  custom:framework-win-MediaFoundation: 216162199b28c13a410421893ffa2e32 -> 
  custom:container-demuxer-ogg: 62fdf1f143b41e24485cea50d1cbac27 -> 
  custom:video-decoder-webm-vp8: 9c59270c3fd7afecdb556c50c9e8de78 -> 
  custom:audio-decoder-ogg-vorbis: bf7c407c2cedff20999df2af8eb42d56 -> 
========================================================================
Received Import Request.
  Time since last request: 512.009293 seconds.
  path: Assets/Prefabs/Collectables/Recipe Book Variant.prefab
  artifactKey: Guid(b275c90d16492754a8db3a19543be3d5) Importer(815301076,1909f56bfc062723c751e8b465ee728b)
Start importing Assets/Prefabs/Collectables/Recipe Book Variant.prefab using Guid(b275c90d16492754a8db3a19543be3d5) Importer(815301076,1909f56bfc062723c751e8b465ee728b)  -> (artifact id: '8e95eb54580fe506acf006aa63f805e0') in 0.463255 seconds 
========================================================================
Received Import Request.
  Time since last request: 17.042497 seconds.
  path: Assets/Meshes/Recipe Book
  artifactKey: Guid(39dfc363f68c98645bf8f4363bf7ec0e) Importer(815301076,1909f56bfc062723c751e8b465ee728b)
Start importing Assets/Meshes/Recipe Book using Guid(39dfc363f68c98645bf8f4363bf7ec0e) Importer(815301076,1909f56bfc062723c751e8b465ee728b)  -> (artifact id: '38f976c4623d227467289c55b75db503') in 0.005715 seconds 
========================================================================
Received Import Request.
  Time since last request: 16.525899 seconds.
  path: Assets/Meshes/Recipe Book/_Old_Book_LP.obj
  artifactKey: Guid(040d7193825407642a2b7f85dd079403) Importer(815301076,1909f56bfc062723c751e8b465ee728b)
Start importing Assets/Meshes/Recipe Book/_Old_Book_LP.obj using Guid(040d7193825407642a2b7f85dd079403) Importer(815301076,1909f56bfc062723c751e8b465ee728b)  -> (artifact id: 'd6ea0194fb6e20c3064e7509e8100782') in 0.078025 seconds 
