Using pre-set license
Built from '2021.3/staging' branch; Version is '2021.3.5f1 (40eb3a945986) revision 4254522'; Using compiler version '192829333'; Build Type 'Release'
OS: 'Windows 10  (10.0.19043) 64bit Core' Language: 'en' Physical Memory: 16334 MB
BatchMode: 1, IsHumanControllingUs: 0, StartBugReporterOnCrash: 0, Is64bit: 1, IsPro: 1

COMMAND LINE ARGUMENTS:
C:\Program Files\Unity\Hub\Editor\2021.3.5f1\Editor\Unity.exe
-adb2
-batchMode
-noUpm
-name
AssetImportWorker6
-projectPath
D:/Users/Nathan/Documents/_Cül/Personal Projects/Land Jam 2022/Corn Soup Repo/unity-land-jam-seasons/Land Jam Corn Soup
-logFile
Logs/AssetImportWorker6.log
-srvPort
59591
Successfully changed project path to: D:/Users/Nathan/Documents/_Cül/Personal Projects/Land Jam 2022/Corn Soup Repo/unity-land-jam-seasons/Land Jam Corn Soup
D:/Users/Nathan/Documents/_Cül/Personal Projects/Land Jam 2022/Corn Soup Repo/unity-land-jam-seasons/Land Jam Corn Soup
[UnityMemory] Configuration Parameters - Can be set up in boot.config
    "memorysetup-bucket-allocator-granularity=16"
    "memorysetup-bucket-allocator-bucket-count=8"
    "memorysetup-bucket-allocator-block-size=33554432"
    "memorysetup-bucket-allocator-block-count=8"
    "memorysetup-main-allocator-block-size=16777216"
    "memorysetup-thread-allocator-block-size=16777216"
    "memorysetup-gfx-main-allocator-block-size=16777216"
    "memorysetup-gfx-thread-allocator-block-size=16777216"
    "memorysetup-cache-allocator-block-size=4194304"
    "memorysetup-typetree-allocator-block-size=2097152"
    "memorysetup-profiler-bucket-allocator-granularity=16"
    "memorysetup-profiler-bucket-allocator-bucket-count=8"
    "memorysetup-profiler-bucket-allocator-block-size=33554432"
    "memorysetup-profiler-bucket-allocator-block-count=8"
    "memorysetup-profiler-allocator-block-size=16777216"
    "memorysetup-profiler-editor-allocator-block-size=1048576"
    "memorysetup-temp-allocator-size-main=16777216"
    "memorysetup-job-temp-allocator-block-size=2097152"
    "memorysetup-job-temp-allocator-block-size-background=1048576"
    "memorysetup-job-temp-allocator-reduction-small-platforms=262144"
    "memorysetup-temp-allocator-size-background-worker=32768"
    "memorysetup-temp-allocator-size-job-worker=262144"
    "memorysetup-temp-allocator-size-preload-manager=33554432"
    "memorysetup-temp-allocator-size-nav-mesh-worker=65536"
    "memorysetup-temp-allocator-size-audio-worker=65536"
    "memorysetup-temp-allocator-size-cloud-worker=32768"
    "memorysetup-temp-allocator-size-gi-baking-worker=262144"
    "memorysetup-temp-allocator-size-gfx=262144"
Refreshing native plugins compatible for Editor in 150.43 ms, found 3 plugins.
Preloading 0 native plugins for Editor in 0.00 ms.
Initialize engine version: 2021.3.5f1 (40eb3a945986)
[Subsystems] Discovering subsystems at path C:/Program Files/Unity/Hub/Editor/2021.3.5f1/Editor/Data/Resources/UnitySubsystems
[Subsystems] Discovering subsystems at path D:/Users/Nathan/Documents/_Cül/Personal Projects/Land Jam 2022/Corn Soup Repo/unity-land-jam-seasons/Land Jam Corn Soup/Assets
GfxDevice: creating device client; threaded=0; jobified=0
Direct3D:
    Version:  Direct3D 11.0 [level 11.1]
    Renderer: AMD Radeon RX 5700 XT (ID=0x731f)
    Vendor:   ATI
    VRAM:     8148 MB
    Driver:   27.20.1034.6
Initialize mono
Mono path[0] = 'C:/Program Files/Unity/Hub/Editor/2021.3.5f1/Editor/Data/Managed'
Mono path[1] = 'C:/Program Files/Unity/Hub/Editor/2021.3.5f1/Editor/Data/MonoBleedingEdge/lib/mono/unityjit-win32'
Mono config path = 'C:/Program Files/Unity/Hub/Editor/2021.3.5f1/Editor/Data/MonoBleedingEdge/etc'
Using monoOptions --debugger-agent=transport=dt_socket,embedding=1,server=y,suspend=n,address=127.0.0.1:56604
Begin MonoManager ReloadAssembly
Registering precompiled unity dll's ...
Register platform support module: C:/Program Files/Unity/Hub/Editor/2021.3.5f1/Editor/Data/PlaybackEngines/WebGLSupport/UnityEditor.WebGL.Extensions.dll
Register platform support module: C:/Program Files/Unity/Hub/Editor/2021.3.5f1/Editor/Data/PlaybackEngines/MacStandaloneSupport/UnityEditor.OSXStandalone.Extensions.dll
Register platform support module: C:/Program Files/Unity/Hub/Editor/2021.3.5f1/Editor/Data/PlaybackEngines/WindowsStandaloneSupport/UnityEditor.WindowsStandalone.Extensions.dll
Registered in 0.009210 seconds.
Native extension for WindowsStandalone target not found
Native extension for OSXStandalone target not found
Native extension for WebGL target not found
Refreshing native plugins compatible for Editor in 141.97 ms, found 3 plugins.
Preloading 0 native plugins for Editor in 0.00 ms.
Mono: successfully reloaded assembly
- Completed reload, in  0.658 seconds
Domain Reload Profiling:
	ReloadAssembly (658ms)
		BeginReloadAssembly (61ms)
			ExecutionOrderSort (0ms)
			DisableScriptedObjects (0ms)
			BackupInstance (0ms)
			ReleaseScriptingObjects (0ms)
			CreateAndSetChildDomain (1ms)
		EndReloadAssembly (494ms)
			LoadAssemblies (59ms)
			RebuildTransferFunctionScriptingTraits (0ms)
			SetupTypeCache (90ms)
			ReleaseScriptCaches (0ms)
			RebuildScriptCaches (27ms)
			SetupLoadedEditorAssemblies (330ms)
				LogAssemblyErrors (0ms)
				InitializePlatformSupportModulesInManaged (13ms)
				SetLoadedEditorAssemblies (0ms)
				RefreshPlugins (142ms)
				BeforeProcessingInitializeOnLoad (1ms)
				ProcessInitializeOnLoadAttributes (118ms)
				ProcessInitializeOnLoadMethodAttributes (54ms)
				AfterProcessingInitializeOnLoad (0ms)
				EditorAssembliesLoaded (0ms)
			ExecutionOrderSort2 (0ms)
			AwakeInstancesAfterBackupRestoration (0ms)
Platform modules already initialized, skipping
Registering precompiled user dll's ...
Registered in 0.009868 seconds.
Begin MonoManager ReloadAssembly
Symbol file LoadedFromMemory doesn't match image D:\Users\Nathan\Documents\_Cül\Personal Projects\Land Jam 2022\Corn Soup Repo\unity-land-jam-seasons\Land Jam Corn Soup\Library\PackageCache\com.unity.visualscripting@1.7.8\Editor\VisualScripting.Core\Dependencies\YamlDotNet\Unity.VisualScripting.YamlDotNet.dll
Symbol file LoadedFromMemory doesn't match image D:\Users\Nathan\Documents\_Cül\Personal Projects\Land Jam 2022\Corn Soup Repo\unity-land-jam-seasons\Land Jam Corn Soup\Library\PackageCache\com.unity.visualscripting@1.7.8\Editor\VisualScripting.Core\Dependencies\DotNetZip\Unity.VisualScripting.IonicZip.dll
Native extension for WindowsStandalone target not found
Native extension for OSXStandalone target not found
Native extension for WebGL target not found
Refreshing native plugins compatible for Editor in 146.46 ms, found 3 plugins.
Preloading 0 native plugins for Editor in 0.00 ms.
Mono: successfully reloaded assembly
- Completed reload, in  6.299 seconds
Domain Reload Profiling:
	ReloadAssembly (6300ms)
		BeginReloadAssembly (113ms)
			ExecutionOrderSort (0ms)
			DisableScriptedObjects (5ms)
			BackupInstance (0ms)
			ReleaseScriptingObjects (0ms)
			CreateAndSetChildDomain (18ms)
		EndReloadAssembly (6080ms)
			LoadAssemblies (108ms)
			RebuildTransferFunctionScriptingTraits (0ms)
			SetupTypeCache (321ms)
			ReleaseScriptCaches (1ms)
			RebuildScriptCaches (101ms)
			SetupLoadedEditorAssemblies (5512ms)
				LogAssemblyErrors (0ms)
				InitializePlatformSupportModulesInManaged (9ms)
				SetLoadedEditorAssemblies (0ms)
				RefreshPlugins (147ms)
				BeforeProcessingInitializeOnLoad (140ms)
				ProcessInitializeOnLoadAttributes (429ms)
				ProcessInitializeOnLoadMethodAttributes (4779ms)
				AfterProcessingInitializeOnLoad (9ms)
				EditorAssembliesLoaded (0ms)
			ExecutionOrderSort2 (0ms)
			AwakeInstancesAfterBackupRestoration (5ms)
Platform modules already initialized, skipping
========================================================================
Worker process is ready to serve import requests
Launched and connected shader compiler UnityShaderCompiler.exe after 0.06 seconds
Refreshing native plugins compatible for Editor in 1.27 ms, found 3 plugins.
Preloading 0 native plugins for Editor in 0.00 ms.
Unloading 6962 Unused Serialized files (Serialized files now loaded: 0)
Unloading 75 unused Assets / (3.5 MB). Loaded Objects now: 7466.
Memory consumption went from 327.0 MB to 323.4 MB.
Total: 4.580400 ms (FindLiveObjects: 0.593200 ms CreateObjectMapping: 0.194200 ms MarkObjects: 3.100800 ms  DeleteObjects: 0.691400 ms)

AssetImportParameters requested are different than current active one (requested -> active):
  custom:video-decoder-ogg-theora: a1e56fd34408186e4bbccfd4996cb3dc -> 
  custom:container-muxer-webm: aa71ff27fc2769a1b78a27578f13a17b -> 
  custom:container-demuxer-webm: 4f35f7cbe854078d1ac9338744f61a02 -> 
  custom:video-encoder-webm-vp8: eb34c28f22e8b96e1ab97ce403110664 -> 
  custom:audio-encoder-webm-vorbis: bf7c407c2cedff20999df2af8eb42d56 -> 
  custom:framework-win-MediaFoundation: 216162199b28c13a410421893ffa2e32 -> 
  custom:container-demuxer-ogg: 62fdf1f143b41e24485cea50d1cbac27 -> 
  custom:video-decoder-webm-vp8: 9c59270c3fd7afecdb556c50c9e8de78 -> 
  custom:audio-decoder-ogg-vorbis: bf7c407c2cedff20999df2af8eb42d56 -> 
========================================================================
Received Import Request.
  Time since last request: 54874.749151 seconds.
  path: Assets/klen/Prefab/Maple_1952Poly.prefab
  artifactKey: Guid(95604178c763044448e885f2950e685a) Importer(815301076,1909f56bfc062723c751e8b465ee728b)
Start importing Assets/klen/Prefab/Maple_1952Poly.prefab using Guid(95604178c763044448e885f2950e685a) Importer(815301076,1909f56bfc062723c751e8b465ee728b)  -> (artifact id: '13611b87eaaa7e29cf2e8b360ae99c7c') in 0.764982 seconds 
========================================================================
Received Import Request.
  Time since last request: 50.028737 seconds.
  path: Assets/klen/Model/Materials/bark2.png
  artifactKey: Guid(b9bc3bfef38b2394b89bdaef8c2cb707) Importer(815301076,1909f56bfc062723c751e8b465ee728b)
Start importing Assets/klen/Model/Materials/bark2.png using Guid(b9bc3bfef38b2394b89bdaef8c2cb707) Importer(815301076,1909f56bfc062723c751e8b465ee728b)  -> (artifact id: '60f32bf4af1cf41b5c5104d2f3cae438') in 0.038159 seconds 
========================================================================
Received Import Request.
  Time since last request: 42.420679 seconds.
  path: Assets/klen/Model/Materials/Klen_AT.tga
  artifactKey: Guid(d41d43e607861bf419f02a50d6088d8c) Importer(815301076,1909f56bfc062723c751e8b465ee728b)
Start importing Assets/klen/Model/Materials/Klen_AT.tga using Guid(d41d43e607861bf419f02a50d6088d8c) Importer(815301076,1909f56bfc062723c751e8b465ee728b)  -> (artifact id: '3f9bf8e2a1a20b2cee5eaeb5f530ba42') in 0.024913 seconds 
========================================================================
Received Import Request.
  Time since last request: 33.875264 seconds.
  path: Assets/klen/Prefab/Maple_1952Poly.prefab
  artifactKey: Guid(95604178c763044448e885f2950e685a) Importer(815301076,1909f56bfc062723c751e8b465ee728b)
Start importing Assets/klen/Prefab/Maple_1952Poly.prefab using Guid(95604178c763044448e885f2950e685a) Importer(815301076,1909f56bfc062723c751e8b465ee728b)  -> (artifact id: 'a82e6e7a12489d654a97f45d3ec80937') in 0.069999 seconds 
========================================================================
Received Import Request.
  Time since last request: 44.523124 seconds.
  path: Assets/klen/Prefab/Maple_1952Poly.prefab
  artifactKey: Guid(95604178c763044448e885f2950e685a) Importer(815301076,1909f56bfc062723c751e8b465ee728b)
Start importing Assets/klen/Prefab/Maple_1952Poly.prefab using Guid(95604178c763044448e885f2950e685a) Importer(815301076,1909f56bfc062723c751e8b465ee728b)  -> (artifact id: 'ca33465a6eaaceb3d5f63453f8fb1a9a') in 0.081180 seconds 
========================================================================
Received Import Request.
  Time since last request: 54.557959 seconds.
  path: Assets/klen/Prefab/Maple_1952Poly.prefab
  artifactKey: Guid(95604178c763044448e885f2950e685a) Importer(815301076,1909f56bfc062723c751e8b465ee728b)
Start importing Assets/klen/Prefab/Maple_1952Poly.prefab using Guid(95604178c763044448e885f2950e685a) Importer(815301076,1909f56bfc062723c751e8b465ee728b)  -> (artifact id: '910e4c60af974f20a47cf31245a1ac6b') in 0.074274 seconds 
========================================================================
Received Import Request.
  Time since last request: 18.118040 seconds.
  path: Assets/klen/Prefab/Maple_1952Poly.prefab
  artifactKey: Guid(95604178c763044448e885f2950e685a) Importer(815301076,1909f56bfc062723c751e8b465ee728b)
Start importing Assets/klen/Prefab/Maple_1952Poly.prefab using Guid(95604178c763044448e885f2950e685a) Importer(815301076,1909f56bfc062723c751e8b465ee728b)  -> (artifact id: 'adbc2d7c52b115a223ac08b2db86490c') in 0.059076 seconds 
========================================================================
Received Import Request.
  Time since last request: 58.860713 seconds.
  path: Assets/klen/Model/Maple_1952Poly.FBX
  artifactKey: Guid(d3586101ab7cecf49a0618f3c50949d7) Importer(815301076,1909f56bfc062723c751e8b465ee728b)
Start importing Assets/klen/Model/Maple_1952Poly.FBX using Guid(d3586101ab7cecf49a0618f3c50949d7) Importer(815301076,1909f56bfc062723c751e8b465ee728b)  -> (artifact id: '66a26c876b29a4ab3cc0f514fa2311c6') in 0.133998 seconds 
========================================================================
Received Import Request.
  Time since last request: 52.631249 seconds.
  path: Assets/klen/Prefab/Maple_1952Poly.prefab
  artifactKey: Guid(95604178c763044448e885f2950e685a) Importer(815301076,1909f56bfc062723c751e8b465ee728b)
Start importing Assets/klen/Prefab/Maple_1952Poly.prefab using Guid(95604178c763044448e885f2950e685a) Importer(815301076,1909f56bfc062723c751e8b465ee728b)  -> (artifact id: 'e4d614425dd89ea445ee9abcf3de9480') in 0.069116 seconds 
========================================================================
Received Import Request.
  Time since last request: 756.552041 seconds.
  path: Assets/klen/Prefab/Maple_1952Poly.prefab
  artifactKey: Guid(95604178c763044448e885f2950e685a) Importer(815301076,1909f56bfc062723c751e8b465ee728b)
Start importing Assets/klen/Prefab/Maple_1952Poly.prefab using Guid(95604178c763044448e885f2950e685a) Importer(815301076,1909f56bfc062723c751e8b465ee728b)  -> (artifact id: 'bb4fbdb75a83210fc5c9df90a2519dc0') in 2.443617 seconds 
========================================================================
Received Import Request.
  Time since last request: 0.000037 seconds.
  path: Assets/klen/Prefab/Maple_8631Poly.prefab
  artifactKey: Guid(35561ca73af3a7c4898756735f464857) Importer(815301076,1909f56bfc062723c751e8b465ee728b)
Start importing Assets/klen/Prefab/Maple_8631Poly.prefab using Guid(35561ca73af3a7c4898756735f464857) Importer(815301076,1909f56bfc062723c751e8b465ee728b)  -> (artifact id: '9a3e9242ca805993c522328cc65df54b') in 0.290756 seconds 
========================================================================
Received Import Request.
  Time since last request: 0.000047 seconds.
  path: Assets/klen/Prefab/Maple_12338Poly.prefab
  artifactKey: Guid(0d476b35941bd3d4d8e51aeb6e9dc337) Importer(815301076,1909f56bfc062723c751e8b465ee728b)
Start importing Assets/klen/Prefab/Maple_12338Poly.prefab using Guid(0d476b35941bd3d4d8e51aeb6e9dc337) Importer(815301076,1909f56bfc062723c751e8b465ee728b)  -> (artifact id: 'd087e9a78bd6ca04c6263f8022ddee21') in 0.380555 seconds 
========================================================================
Received Prepare
Registering precompiled user dll's ...
Registered in 0.009068 seconds.
Begin MonoManager ReloadAssembly
Symbol file LoadedFromMemory doesn't match image D:\Users\Nathan\Documents\_Cül\Personal Projects\Land Jam 2022\Corn Soup Repo\unity-land-jam-seasons\Land Jam Corn Soup\Library\PackageCache\com.unity.visualscripting@1.7.8\Editor\VisualScripting.Core\Dependencies\YamlDotNet\Unity.VisualScripting.YamlDotNet.dll
Symbol file LoadedFromMemory doesn't match image D:\Users\Nathan\Documents\_Cül\Personal Projects\Land Jam 2022\Corn Soup Repo\unity-land-jam-seasons\Land Jam Corn Soup\Library\PackageCache\com.unity.visualscripting@1.7.8\Editor\VisualScripting.Core\Dependencies\DotNetZip\Unity.VisualScripting.IonicZip.dll
Native extension for WindowsStandalone target not found
Native extension for OSXStandalone target not found
Native extension for WebGL target not found
Refreshing native plugins compatible for Editor in 1.26 ms, found 3 plugins.
Preloading 0 native plugins for Editor in 0.00 ms.
Mono: successfully reloaded assembly
- Completed reload, in  1.536 seconds
Domain Reload Profiling:
	ReloadAssembly (1537ms)
		BeginReloadAssembly (188ms)
			ExecutionOrderSort (0ms)
			DisableScriptedObjects (30ms)
			BackupInstance (0ms)
			ReleaseScriptingObjects (0ms)
			CreateAndSetChildDomain (60ms)
		EndReloadAssembly (1257ms)
			LoadAssemblies (99ms)
			RebuildTransferFunctionScriptingTraits (0ms)
			SetupTypeCache (312ms)
			ReleaseScriptCaches (2ms)
			RebuildScriptCaches (81ms)
			SetupLoadedEditorAssemblies (595ms)
				LogAssemblyErrors (0ms)
				InitializePlatformSupportModulesInManaged (17ms)
				SetLoadedEditorAssemblies (0ms)
				RefreshPlugins (1ms)
				BeforeProcessingInitializeOnLoad (107ms)
				ProcessInitializeOnLoadAttributes (429ms)
				ProcessInitializeOnLoadMethodAttributes (32ms)
				AfterProcessingInitializeOnLoad (8ms)
				EditorAssembliesLoaded (0ms)
			ExecutionOrderSort2 (0ms)
			AwakeInstancesAfterBackupRestoration (15ms)
Platform modules already initialized, skipping
Refreshing native plugins compatible for Editor in 3.04 ms, found 3 plugins.
Preloading 0 native plugins for Editor in 0.00 ms.
Unloading 6631 Unused Serialized files (Serialized files now loaded: 0)
Unloading 54 unused Assets / (3.5 MB). Loaded Objects now: 7604.
Memory consumption went from 328.9 MB to 325.4 MB.
Total: 4.872000 ms (FindLiveObjects: 0.664200 ms CreateObjectMapping: 0.332700 ms MarkObjects: 3.065800 ms  DeleteObjects: 0.808500 ms)

AssetImportParameters requested are different than current active one (requested -> active):
  custom:video-decoder-ogg-theora: a1e56fd34408186e4bbccfd4996cb3dc -> 
  custom:container-muxer-webm: aa71ff27fc2769a1b78a27578f13a17b -> 
  custom:container-demuxer-webm: 4f35f7cbe854078d1ac9338744f61a02 -> 
  custom:video-encoder-webm-vp8: eb34c28f22e8b96e1ab97ce403110664 -> 
  custom:audio-encoder-webm-vorbis: bf7c407c2cedff20999df2af8eb42d56 -> 
  custom:framework-win-MediaFoundation: 216162199b28c13a410421893ffa2e32 -> 
  custom:container-demuxer-ogg: 62fdf1f143b41e24485cea50d1cbac27 -> 
  custom:video-decoder-webm-vp8: 9c59270c3fd7afecdb556c50c9e8de78 -> 
  custom:audio-decoder-ogg-vorbis: bf7c407c2cedff20999df2af8eb42d56 -> 
========================================================================
Received Import Request.
  Time since last request: 395.125568 seconds.
  path: Assets/klen/Prefab/Maple_1952Poly.prefab
  artifactKey: Guid(95604178c763044448e885f2950e685a) Importer(815301076,1909f56bfc062723c751e8b465ee728b)
Start importing Assets/klen/Prefab/Maple_1952Poly.prefab using Guid(95604178c763044448e885f2950e685a) Importer(815301076,1909f56bfc062723c751e8b465ee728b)  -> (artifact id: 'e94b1ab1fe6fa96ea8ea2a7f046011b9') in 2.218816 seconds 
========================================================================
Received Import Request.
  Time since last request: 1707.071899 seconds.
  path: Assets/Textures/Ground/Ground_Forest_002_baseColor.jpg
  artifactKey: Guid(dfb796764a0cf974abb94f5d112091c6) Importer(815301076,1909f56bfc062723c751e8b465ee728b)
Start importing Assets/Textures/Ground/Ground_Forest_002_baseColor.jpg using Guid(dfb796764a0cf974abb94f5d112091c6) Importer(815301076,1909f56bfc062723c751e8b465ee728b)  -> (artifact id: '0d06b2e323c0f234fa8ddf9268f03aa1') in 0.271268 seconds 
========================================================================
Received Import Request.
  Time since last request: 0.000074 seconds.
  path: Assets/Textures/Ground/NewLayer.terrainlayer
  artifactKey: Guid(9dca6b5acf389cb4d8575b1a76d9f3ae) Importer(815301076,1909f56bfc062723c751e8b465ee728b)
Start importing Assets/Textures/Ground/NewLayer.terrainlayer using Guid(9dca6b5acf389cb4d8575b1a76d9f3ae) Importer(815301076,1909f56bfc062723c751e8b465ee728b)  -> (artifact id: '855929c7ac20bda62a04990ea2620639') in 0.069278 seconds 
========================================================================
Received Import Request.
  Time since last request: 1.770870 seconds.
  path: Assets/Textures/Ground/Ground_Forest_002_normal.jpg
  artifactKey: Guid(af3b17d4bd4e1f44d9d8feb61e63922e) Importer(815301076,1909f56bfc062723c751e8b465ee728b)
Start importing Assets/Textures/Ground/Ground_Forest_002_normal.jpg using Guid(af3b17d4bd4e1f44d9d8feb61e63922e) Importer(815301076,1909f56bfc062723c751e8b465ee728b)  -> (artifact id: 'f11e82267a1197e9cf446c3c54e697f9') in 0.062744 seconds 
========================================================================
Received Prepare
Registering precompiled user dll's ...
Registered in 0.028191 seconds.
Begin MonoManager ReloadAssembly
Symbol file LoadedFromMemory doesn't match image D:\Users\Nathan\Documents\_Cül\Personal Projects\Land Jam 2022\Corn Soup Repo\unity-land-jam-seasons\Land Jam Corn Soup\Library\PackageCache\com.unity.visualscripting@1.7.8\Editor\VisualScripting.Core\Dependencies\YamlDotNet\Unity.VisualScripting.YamlDotNet.dll
Symbol file LoadedFromMemory doesn't match image D:\Users\Nathan\Documents\_Cül\Personal Projects\Land Jam 2022\Corn Soup Repo\unity-land-jam-seasons\Land Jam Corn Soup\Library\PackageCache\com.unity.visualscripting@1.7.8\Editor\VisualScripting.Core\Dependencies\DotNetZip\Unity.VisualScripting.IonicZip.dll
Native extension for WindowsStandalone target not found
Native extension for OSXStandalone target not found
Native extension for WebGL target not found
Refreshing native plugins compatible for Editor in 144.01 ms, found 3 plugins.
Preloading 0 native plugins for Editor in 0.00 ms.
Mono: successfully reloaded assembly
- Completed reload, in  2.106 seconds
Domain Reload Profiling:
	ReloadAssembly (2106ms)
		BeginReloadAssembly (172ms)
			ExecutionOrderSort (0ms)
			DisableScriptedObjects (26ms)
			BackupInstance (0ms)
			ReleaseScriptingObjects (0ms)
			CreateAndSetChildDomain (53ms)
		EndReloadAssembly (1844ms)
			LoadAssemblies (91ms)
			RebuildTransferFunctionScriptingTraits (0ms)
			SetupTypeCache (297ms)
			ReleaseScriptCaches (2ms)
			RebuildScriptCaches (77ms)
			SetupLoadedEditorAssemblies (820ms)
				LogAssemblyErrors (0ms)
				InitializePlatformSupportModulesInManaged (15ms)
				SetLoadedEditorAssemblies (0ms)
				RefreshPlugins (144ms)
				BeforeProcessingInitializeOnLoad (111ms)
				ProcessInitializeOnLoadAttributes (512ms)
				ProcessInitializeOnLoadMethodAttributes (29ms)
				AfterProcessingInitializeOnLoad (8ms)
				EditorAssembliesLoaded (0ms)
			ExecutionOrderSort2 (0ms)
			AwakeInstancesAfterBackupRestoration (15ms)
Platform modules already initialized, skipping
Refreshing native plugins compatible for Editor in 2.61 ms, found 3 plugins.
Preloading 0 native plugins for Editor in 0.00 ms.
Unloading 6818 Unused Serialized files (Serialized files now loaded: 0)
Unloading 101 unused Assets / (7.2 MB). Loaded Objects now: 7883.
Memory consumption went from 341.8 MB to 334.6 MB.
Total: 7.689700 ms (FindLiveObjects: 0.610700 ms CreateObjectMapping: 0.199600 ms MarkObjects: 5.153900 ms  DeleteObjects: 1.724000 ms)

AssetImportParameters requested are different than current active one (requested -> active):
  custom:video-decoder-ogg-theora: a1e56fd34408186e4bbccfd4996cb3dc -> 
  custom:container-muxer-webm: aa71ff27fc2769a1b78a27578f13a17b -> 
  custom:container-demuxer-webm: 4f35f7cbe854078d1ac9338744f61a02 -> 
  custom:video-encoder-webm-vp8: eb34c28f22e8b96e1ab97ce403110664 -> 
  custom:audio-encoder-webm-vorbis: bf7c407c2cedff20999df2af8eb42d56 -> 
  custom:framework-win-MediaFoundation: 216162199b28c13a410421893ffa2e32 -> 
  custom:container-demuxer-ogg: 62fdf1f143b41e24485cea50d1cbac27 -> 
  custom:video-decoder-webm-vp8: 9c59270c3fd7afecdb556c50c9e8de78 -> 
  custom:audio-decoder-ogg-vorbis: bf7c407c2cedff20999df2af8eb42d56 -> 
